Faking Image...
done
AV evasion...
done
Disabeling AV...
done
Creating Task...
done
Removing Task XML
Done
Reading passwords of target...
Uploading C:\sam
Uploading C:\System
Done
Uploading / stealing files...
Uploading Users.FullName
Uploading Administrator.FullName
Uploading l.maier.FullName
Uploading m.schmitt.FullName
Uploading Public.FullName
Uploading User.FullName
Uploading 3D Objects.FullName
Uploading Contacts.FullName
Uploading Desktop.FullName
Uploading Documents.FullName
Uploading Downloads.FullName
Uploading Favorites.FullName
Uploading Links.FullName
Uploading Music.FullName
Uploading OneDrive.FullName
Uploading Pictures.FullName
Uploading Saved Games.FullName
Uploading Searches.FullName
Uploading Videos.FullName
Uploading Links.FullName
Uploading Bing.url.FullName
Uploading Desktop.lnk.FullName
Uploading Downloads.lnk.FullName
Uploading Camera Roll.FullName
Uploading Saved Pictures.FullName
Uploading winrt--{S-1-5-21-2657259945-4291462189-1437507142-500}-.searchconnector-ms.FullName
Uploading .j-lawyer-client.FullName
Uploading 3D Objects.FullName
Uploading Contacts.FullName
Uploading Desktop.FullName
Uploading Documents.FullName
Uploading Downloads.FullName
Uploading Favorites.FullName
Uploading Links.FullName
Uploading Music.FullName
Uploading OneDrive.FullName
Uploading Pictures.FullName
Uploading Saved Games.FullName
Uploading Searches.FullName
Uploading Videos.FullName
Uploading log.FullName
Uploading xjustiz.FullName
Uploading clientConfiguration.properties.FullName
Uploading client.log.FullName
Uploading j-lawyer-client-log4j.xml.FullName
Uploading stylesheets.FullName
Uploading xsd.FullName
Uploading stylesheet_xjustiz_eeb_1_4.xslt.FullName
Uploading latinchars.xsd.FullName
Uploading UnqualifiedDataType_2p0.xsd.FullName
Uploading xdomea-Baukasten.xsd.FullName
Uploading xdomea-Datentypen.xsd.FullName
Uploading xdomea_typen_1_0.xsd.FullName
Uploading xdomea_wl_allgemein_1_0.xsd.FullName
Uploading xjustiz_0000_grunddatensatz_2_1.xsd.FullName
Uploading xjustiz_0000_grunddatensatz_2_4.xsd.FullName
Uploading xjustiz_0005_nachrichten_2_1.xsd.FullName
Uploading xjustiz_0005_nachrichten_2_4.xsd.FullName
Uploading xjustiz_0010_cl_allgemein_2_1.xsd.FullName
Uploading xjustiz_0010_cl_allgemein_2_4.xsd.FullName
Uploading xjustiz_0020_cl_gerichte_2_1.xsd.FullName
Uploading xjustiz_0020_cl_gerichte_2_6.xsd.FullName
Uploading xjustiz_0030_cl_rechtsform_2_1.xsd.FullName
Uploading xjustiz_0040_cl_rollenbezeichnung_2_0.xsd.FullName
Uploading xjustiz_0050_cl_staaten_2_1.xsd.FullName
Uploading xjustiz_0060_cl_telekommunikation_2_1.xsd.FullName
Uploading xjustiz_0070_cl_justizvollzugsanstalt_2_0.xsd.FullName
Uploading xjustiz_0080_cl_registerzeichen_2_0.xsd.FullName
Uploading xjustiz_0080_cl_registerzeichen_2_1.xsd.FullName
Uploading xjustiz_0090_cl_bnotk_2_0.xsd.FullName
Uploading xjustiz_0095_cl_personalstatut_2_0.xsd.FullName
Uploading xjustiz_2200_eeb_2_1.xsd.FullName
Uploading xjustiz_2200_eeb_2_2.xsd.FullName
Uploading xjustiz_2210_cl_eeb_2_0.xsd.FullName
Uploading xoev-code.xsd.FullName
Uploading aktuelle_mandaten.FullName
Uploading bewerbungen.FullName
Uploading privat.FullName
Uploading loader2.ps1.FullName
Uploading Spotify.lnk.FullName
Uploading friseur_hairablassend.FullName
Uploading holzbau_hohlinger.FullName
Uploading mustermann_ag.FullName
Uploading auftrag_detektiv.odt.FullName
Uploading todo_1.odt.FullName
Uploading todo_2.odt.FullName
Uploading klage_1.pdf.FullName
Uploading revision_1.pdf.FullName
Uploading revision_2.pdf.FullName
Uploading antrag_b23_03.docx.FullName
Uploading einreichung_56325.pdf.FullName
Uploading mandantenauskunft_04.docx.FullName
Uploading protokoll_05.08.2021.docx.FullName
Uploading 1280x854_BMW_Motorrad.jpg.FullName
Uploading Bikes-fuer-die-kleine-Boerse-Guenstige-Motorraeder-fuer-Einsteiger.jpg.FullName
Uploading motorradneuheiten-2010_mnq1bj.jpg.FullName
Uploading Passwörter.kdbx.FullName
Uploading Windows 64Bit.FullName
Uploading ChromeSetup.exe.FullName
Uploading EasyOfficeInstall-3.20.exe.FullName
Uploading KeePass-2.48.1-Setup.exe.FullName
Uploading LibreOffice_7.1.5_Win_x64.msi.FullName
Uploading LibreOffice_7.1.5_Win_x64_helppack_de.msi.FullName
Uploading OneDriveSetup.exe.FullName
Uploading SpotifySetup.exe.FullName
Uploading Windows 64Bit.zip.FullName
Uploading wohnmobil.jpg                                                                                                .bat.FullName
Uploading ZoomInstaller.exe.FullName
Uploading Windows 64Bit.FullName
Uploading j-lawyer-client_windows-x64_1_14_1_1.exe.FullName
Uploading j-lawyer-server_windows-x64_1_14_1_0.exe.FullName
Uploading Links.FullName
Uploading Bing.url.FullName
Uploading Desktop.lnk.FullName
Uploading Downloads.lnk.FullName
Uploading Camera Roll.FullName
Uploading Feedback.FullName
Uploading Saved Pictures.FullName
Uploading {7FA2F5C2-CCA8-4D95-83E1-49CE479808C6}.FullName
Uploading winrt--{S-1-5-21-2657259945-4291462189-1437507142-1107}-.searchconnector-ms.FullName
Uploading Captures.FullName
Uploading 3D Objects.FullName
Uploading Contacts.FullName
Uploading Desktop.FullName
Uploading Documents.FullName
Uploading Downloads.FullName
Uploading Favorites.FullName
Uploading Links.FullName
Uploading Music.FullName
Uploading Pictures.FullName
Uploading Saved Games.FullName
Uploading Searches.FullName
Uploading Videos.FullName
Uploading Links.FullName
Uploading Bing.url.FullName
Uploading Desktop.lnk.FullName
Uploading Downloads.lnk.FullName
Uploading winrt--{S-1-5-21-2657259945-4291462189-1437507142-1106}-.searchconnector-ms.FullName
Uploading Documents.FullName
Uploading Downloads.FullName
Uploading Music.FullName
Uploading Pictures.FullName
Uploading Videos.FullName
Uploading 3D Objects.FullName
Uploading Contacts.FullName
Uploading Desktop.FullName
Uploading Documents.FullName
Uploading Downloads.FullName
Uploading Favorites.FullName
Uploading Links.FullName
Uploading Music.FullName
Uploading OneDrive.FullName
Uploading Pictures.FullName
Uploading Saved Games.FullName
Uploading Searches.FullName
Uploading Videos.FullName
Uploading Microsoft Edge.lnk.FullName
Uploading Links.FullName
Uploading Bing.url.FullName
Uploading Desktop.lnk.FullName
Uploading Downloads.lnk.FullName
Uploading Camera Roll.FullName
Uploading Saved Pictures.FullName
Uploading winrt--{S-1-5-21-2945686792-355737717-1695058325-1001}-.searchconnector-ms.FullName
Uploading Balloon.FullName
Uploading NetKVM.FullName
Uploading amd64.FullName
Uploading data.FullName
Uploading guest-agent.FullName
Uploading i386.FullName
Uploading pvpanic.FullName
Uploading qemufwcfg.FullName
Uploading qemupciserial.FullName
Uploading qxl.FullName
Uploading qxldod.FullName
Uploading smbus.FullName
Uploading vioinput.FullName
Uploading viorng.FullName
Uploading vioscsi.FullName
Uploading vioserial.FullName
Uploading viostor.FullName
Uploading virtio-win-gt-x64.msi.FullName
Uploading virtio-win-gt-x86.msi.FullName
Uploading virtio-win-guest-tools.exe.FullName
Uploading virtio-win_license.txt.FullName
Uploading 2k12.FullName
Uploading 2k12R2.FullName
Uploading 2k16.FullName
Uploading 2k19.FullName
Uploading 2k3.FullName
Uploading 2k8.FullName
Uploading 2k8R2.FullName
Uploading w10.FullName
Uploading w7.FullName
Uploading w8.FullName
Uploading w8.1.FullName
Uploading xp.FullName
Uploading amd64.FullName
Uploading WdfCoInstaller01011.dll.FullName
Uploading balloon.cat.FullName
Uploading balloon.inf.FullName
Uploading balloon.pdb.FullName
Uploading balloon.sys.FullName
Uploading blnsvr.exe.FullName
Uploading blnsvr.pdb.FullName
Uploading amd64.FullName
Uploading WdfCoInstaller01011.dll.FullName
Uploading balloon.cat.FullName
Uploading balloon.inf.FullName
Uploading balloon.pdb.FullName
Uploading balloon.sys.FullName
Uploading blnsvr.exe.FullName
Uploading blnsvr.pdb.FullName
Uploading amd64.FullName
Uploading balloon.cat.FullName
Uploading balloon.inf.FullName
Uploading balloon.pdb.FullName
Uploading balloon.sys.FullName
Uploading blnsvr.exe.FullName
Uploading blnsvr.pdb.FullName
Uploading amd64.FullName
Uploading balloon.cat.FullName
Uploading balloon.inf.FullName
Uploading balloon.pdb.FullName
Uploading balloon.sys.FullName
Uploading blnsvr.exe.FullName
Uploading blnsvr.pdb.FullName
Uploading amd64.FullName
Uploading x86.FullName
Uploading WdfCoInstaller01009.dll.FullName
Uploading balloon.cat.FullName
Uploading balloon.inf.FullName
Uploading balloon.pdb.FullName
Uploading balloon.sys.FullName
Uploading blnsvr.exe.FullName
Uploading blnsvr.pdb.FullName
Uploading WdfCoInstaller01009.dll.FullName
Uploading balloon.cat.FullName
Uploading balloon.inf.FullName
Uploading balloon.pdb.FullName
Uploading balloon.sys.FullName
Uploading blnsvr.exe.FullName
Uploading blnsvr.pdb.FullName
Uploading amd64.FullName
Uploading x86.FullName
Uploading WdfCoInstaller01009.dll.FullName
Uploading balloon.cat.FullName
Uploading balloon.inf.FullName
Uploading balloon.pdb.FullName
Uploading balloon.sys.FullName
Uploading blnsvr.exe.FullName
Uploading blnsvr.pdb.FullName
Uploading WdfCoInstaller01009.dll.FullName
Uploading balloon.cat.FullName
Uploading balloon.inf.FullName
Uploading balloon.pdb.FullName
Uploading balloon.sys.FullName
Uploading blnsvr.exe.FullName
Uploading blnsvr.pdb.FullName
Uploading amd64.FullName
Uploading WdfCoInstaller01009.dll.FullName
Uploading balloon.cat.FullName
Uploading balloon.inf.FullName
Uploading balloon.pdb.FullName
Uploading balloon.sys.FullName
Uploading blnsvr.exe.FullName
Uploading blnsvr.pdb.FullName
Uploading ARM64.FullName
Uploading amd64.FullName
Uploading x86.FullName
Uploading balloon.cat.FullName
Uploading balloon.inf.FullName
Uploading balloon.pdb.FullName
Uploading balloon.sys.FullName
Uploading blnsvr.exe.FullName
Uploading blnsvr.pdb.FullName
Uploading balloon.cat.FullName
Uploading balloon.inf.FullName
Uploading balloon.pdb.FullName
Uploading balloon.sys.FullName
Uploading blnsvr.exe.FullName
Uploading blnsvr.pdb.FullName
Uploading balloon.cat.FullName
Uploading balloon.inf.FullName
Uploading balloon.pdb.FullName
Uploading balloon.sys.FullName
Uploading blnsvr.exe.FullName
Uploading blnsvr.pdb.FullName
Uploading amd64.FullName
Uploading x86.FullName
Uploading WdfCoInstaller01009.dll.FullName
Uploading balloon.cat.FullName
Uploading balloon.inf.FullName
Uploading balloon.pdb.FullName
Uploading balloon.sys.FullName
Uploading blnsvr.exe.FullName
Uploading blnsvr.pdb.FullName
Uploading WdfCoInstaller01009.dll.FullName
Uploading balloon.cat.FullName
Uploading balloon.inf.FullName
Uploading balloon.pdb.FullName
Uploading balloon.sys.FullName
Uploading blnsvr.exe.FullName
Uploading blnsvr.pdb.FullName
Uploading amd64.FullName
Uploading x86.FullName
Uploading WdfCoInstaller01011.dll.FullName
Uploading balloon.cat.FullName
Uploading balloon.inf.FullName
Uploading balloon.pdb.FullName
Uploading balloon.sys.FullName
Uploading blnsvr.exe.FullName
Uploading blnsvr.pdb.FullName
Uploading WdfCoInstaller01011.dll.FullName
Uploading balloon.cat.FullName
Uploading balloon.inf.FullName
Uploading balloon.pdb.FullName
Uploading balloon.sys.FullName
Uploading blnsvr.exe.FullName
Uploading blnsvr.pdb.FullName
Uploading amd64.FullName
Uploading x86.FullName
Uploading WdfCoInstaller01011.dll.FullName
Uploading balloon.cat.FullName
Uploading balloon.inf.FullName
Uploading balloon.pdb.FullName
Uploading balloon.sys.FullName
Uploading blnsvr.exe.FullName
Uploading blnsvr.pdb.FullName
Uploading WdfCoInstaller01011.dll.FullName
Uploading balloon.cat.FullName
Uploading balloon.inf.FullName
Uploading balloon.pdb.FullName
Uploading balloon.sys.FullName
Uploading blnsvr.exe.FullName
Uploading blnsvr.pdb.FullName
Uploading amd64.FullName
Uploading x86.FullName
Uploading WdfCoInstaller01009.dll.FullName
Uploading balloon.cat.FullName
Uploading balloon.inf.FullName
Uploading balloon.pdb.FullName
Uploading balloon.sys.FullName
Uploading blnsvr.exe.FullName
Uploading blnsvr.pdb.FullName
Uploading WdfCoInstaller01009.dll.FullName
Uploading balloon.cat.FullName
Uploading balloon.inf.FullName
Uploading balloon.pdb.FullName
Uploading balloon.sys.FullName
Uploading blnsvr.exe.FullName
Uploading blnsvr.pdb.FullName
Uploading 2k12.FullName
Uploading 2k12R2.FullName
Uploading 2k16.FullName
Uploading 2k19.FullName
Uploading 2k3.FullName
Uploading 2k8.FullName
Uploading 2k8R2.FullName
Uploading w10.FullName
Uploading w7.FullName
Uploading w8.FullName
Uploading w8.1.FullName
Uploading xp.FullName
Uploading amd64.FullName
Uploading netkvm.cat.FullName
Uploading netkvm.inf.FullName
Uploading netkvm.pdb.FullName
Uploading netkvm.sys.FullName
Uploading netkvmco.dll.FullName
Uploading netkvmco.pdb.FullName
Uploading readme.doc.FullName
Uploading amd64.FullName
Uploading netkvm.cat.FullName
Uploading netkvm.inf.FullName
Uploading netkvm.pdb.FullName
Uploading netkvm.sys.FullName
Uploading netkvmco.dll.FullName
Uploading netkvmco.pdb.FullName
Uploading readme.doc.FullName
Uploading amd64.FullName
Uploading netkvm.cat.FullName
Uploading netkvm.inf.FullName
Uploading netkvm.pdb.FullName
Uploading netkvm.sys.FullName
Uploading netkvmco.dll.FullName
Uploading netkvmco.pdb.FullName
Uploading readme.doc.FullName
Uploading amd64.FullName
Uploading netkvm.cat.FullName
Uploading netkvm.inf.FullName
Uploading netkvm.pdb.FullName
Uploading netkvm.sys.FullName
Uploading netkvmco.dll.FullName
Uploading netkvmco.pdb.FullName
Uploading readme.doc.FullName
Uploading amd64.FullName
Uploading x86.FullName
Uploading netkvm.cat.FullName
Uploading netkvm.inf.FullName
Uploading netkvm.pdb.FullName
Uploading netkvm.sys.FullName
Uploading netkvm.cat.FullName
Uploading netkvm.inf.FullName
Uploading netkvm.pdb.FullName
Uploading netkvm.sys.FullName
Uploading amd64.FullName
Uploading x86.FullName
Uploading netkvm.cat.FullName
Uploading netkvm.inf.FullName
Uploading netkvm.pdb.FullName
Uploading netkvm.sys.FullName
Uploading netkvmco.dll.FullName
Uploading netkvmco.pdb.FullName
Uploading readme.doc.FullName
Uploading netkvm.cat.FullName
Uploading netkvm.inf.FullName
Uploading netkvm.pdb.FullName
Uploading netkvm.sys.FullName
Uploading netkvmco.dll.FullName
Uploading netkvmco.pdb.FullName
Uploading readme.doc.FullName
Uploading amd64.FullName
Uploading netkvm.cat.FullName
Uploading netkvm.inf.FullName
Uploading netkvm.pdb.FullName
Uploading netkvm.sys.FullName
Uploading netkvmco.dll.FullName
Uploading netkvmco.pdb.FullName
Uploading readme.doc.FullName
Uploading ARM64.FullName
Uploading amd64.FullName
Uploading x86.FullName
Uploading netkvm.cat.FullName
Uploading netkvm.inf.FullName
Uploading netkvm.pdb.FullName
Uploading netkvm.sys.FullName
Uploading netkvmco.dll.FullName
Uploading netkvmco.pdb.FullName
Uploading readme.doc.FullName
Uploading netkvm.cat.FullName
Uploading netkvm.inf.FullName
Uploading netkvm.pdb.FullName
Uploading netkvm.sys.FullName
Uploading netkvmco.dll.FullName
Uploading netkvmco.pdb.FullName
Uploading readme.doc.FullName
Uploading netkvm.cat.FullName
Uploading netkvm.inf.FullName
Uploading netkvm.pdb.FullName
Uploading netkvm.sys.FullName
Uploading netkvmco.dll.FullName
Uploading netkvmco.pdb.FullName
Uploading readme.doc.FullName
Uploading amd64.FullName
Uploading x86.FullName
Uploading netkvm.cat.FullName
Uploading netkvm.inf.FullName
Uploading netkvm.pdb.FullName
Uploading netkvm.sys.FullName
Uploading netkvmco.dll.FullName
Uploading netkvmco.pdb.FullName
Uploading readme.doc.FullName
Uploading netkvm.cat.FullName
Uploading netkvm.inf.FullName
Uploading netkvm.pdb.FullName
Uploading netkvm.sys.FullName
Uploading netkvmco.dll.FullName
Uploading netkvmco.pdb.FullName
Uploading readme.doc.FullName
Uploading amd64.FullName
Uploading x86.FullName
Uploading netkvm.cat.FullName
Uploading netkvm.inf.FullName
Uploading netkvm.pdb.FullName
Uploading netkvm.sys.FullName
Uploading netkvmco.dll.FullName
Uploading netkvmco.pdb.FullName
Uploading readme.doc.FullName
Uploading netkvm.cat.FullName
Uploading netkvm.inf.FullName
Uploading netkvm.pdb.FullName
Uploading netkvm.sys.FullName
Uploading netkvmco.dll.FullName
Uploading netkvmco.pdb.FullName
Uploading readme.doc.FullName
Uploading amd64.FullName
Uploading x86.FullName
Uploading netkvm.cat.FullName
Uploading netkvm.inf.FullName
Uploading netkvm.pdb.FullName
Uploading netkvm.sys.FullName
Uploading netkvmco.dll.FullName
Uploading netkvmco.pdb.FullName
Uploading readme.doc.FullName
Uploading netkvm.cat.FullName
Uploading netkvm.inf.FullName
Uploading netkvm.pdb.FullName
Uploading netkvm.sys.FullName
Uploading netkvmco.dll.FullName
Uploading netkvmco.pdb.FullName
Uploading readme.doc.FullName
Uploading amd64.FullName
Uploading x86.FullName
Uploading netkvm.cat.FullName
Uploading netkvm.inf.FullName
Uploading netkvm.pdb.FullName
Uploading netkvm.sys.FullName
Uploading netkvm.cat.FullName
Uploading netkvm.inf.FullName
Uploading netkvm.pdb.FullName
Uploading netkvm.sys.FullName
Uploading 2k12.FullName
Uploading 2k12R2.FullName
Uploading 2k16.FullName
Uploading 2k19.FullName
Uploading 2k8R2.FullName
Uploading w10.FullName
Uploading w7.FullName
Uploading w8.FullName
Uploading w8.1.FullName
Uploading vioscsi.cat.FullName
Uploading vioscsi.inf.FullName
Uploading vioscsi.pdb.FullName
Uploading vioscsi.sys.FullName
Uploading viostor.cat.FullName
Uploading viostor.inf.FullName
Uploading viostor.pdb.FullName
Uploading viostor.sys.FullName
Uploading vioscsi.cat.FullName
Uploading vioscsi.inf.FullName
Uploading vioscsi.pdb.FullName
Uploading vioscsi.sys.FullName
Uploading viostor.cat.FullName
Uploading viostor.inf.FullName
Uploading viostor.pdb.FullName
Uploading viostor.sys.FullName
Uploading vioscsi.cat.FullName
Uploading vioscsi.inf.FullName
Uploading vioscsi.pdb.FullName
Uploading vioscsi.sys.FullName
Uploading viostor.cat.FullName
Uploading viostor.inf.FullName
Uploading viostor.pdb.FullName
Uploading viostor.sys.FullName
Uploading vioscsi.cat.FullName
Uploading vioscsi.inf.FullName
Uploading vioscsi.pdb.FullName
Uploading vioscsi.sys.FullName
Uploading viostor.cat.FullName
Uploading viostor.inf.FullName
Uploading viostor.pdb.FullName
Uploading viostor.sys.FullName
Uploading vioscsi.cat.FullName
Uploading vioscsi.inf.FullName
Uploading vioscsi.pdb.FullName
Uploading vioscsi.sys.FullName
Uploading viostor.cat.FullName
Uploading viostor.inf.FullName
Uploading viostor.pdb.FullName
Uploading viostor.sys.FullName
Uploading vioscsi.cat.FullName
Uploading vioscsi.inf.FullName
Uploading vioscsi.pdb.FullName
Uploading vioscsi.sys.FullName
Uploading viostor.cat.FullName
Uploading viostor.inf.FullName
Uploading viostor.pdb.FullName
Uploading viostor.sys.FullName
Uploading vioscsi.cat.FullName
Uploading vioscsi.inf.FullName
Uploading vioscsi.pdb.FullName
Uploading vioscsi.sys.FullName
Uploading viostor.cat.FullName
Uploading viostor.inf.FullName
Uploading viostor.pdb.FullName
Uploading viostor.sys.FullName
Uploading vioscsi.cat.FullName
Uploading vioscsi.inf.FullName
Uploading vioscsi.pdb.FullName
Uploading vioscsi.sys.FullName
Uploading viostor.cat.FullName
Uploading viostor.inf.FullName
Uploading viostor.pdb.FullName
Uploading viostor.sys.FullName
Uploading vioscsi.cat.FullName
Uploading vioscsi.inf.FullName
Uploading vioscsi.pdb.FullName
Uploading vioscsi.sys.FullName
Uploading viostor.cat.FullName
Uploading viostor.inf.FullName
Uploading viostor.pdb.FullName
Uploading viostor.sys.FullName
Uploading info.json.FullName
Uploading qemu-ga-i386.msi.FullName
Uploading qemu-ga-x86_64.msi.FullName
Uploading w10.FullName
Uploading w7.FullName
Uploading w8.FullName
Uploading w8.1.FullName
Uploading vioscsi.cat.FullName
Uploading vioscsi.inf.FullName
Uploading vioscsi.pdb.FullName
Uploading vioscsi.sys.FullName
Uploading viostor.cat.FullName
Uploading viostor.inf.FullName
Uploading viostor.pdb.FullName
Uploading viostor.sys.FullName
Uploading vioscsi.cat.FullName
Uploading vioscsi.inf.FullName
Uploading vioscsi.pdb.FullName
Uploading vioscsi.sys.FullName
Uploading viostor.cat.FullName
Uploading viostor.inf.FullName
Uploading viostor.pdb.FullName
Uploading viostor.sys.FullName
Uploading vioscsi.cat.FullName
Uploading vioscsi.inf.FullName
Uploading vioscsi.pdb.FullName
Uploading vioscsi.sys.FullName
Uploading viostor.cat.FullName
Uploading viostor.inf.FullName
Uploading viostor.pdb.FullName
Uploading viostor.sys.FullName
Uploading vioscsi.cat.FullName
Uploading vioscsi.inf.FullName
Uploading vioscsi.pdb.FullName
Uploading vioscsi.sys.FullName
Uploading viostor.cat.FullName
Uploading viostor.inf.FullName
Uploading viostor.pdb.FullName
Uploading viostor.sys.FullName
Uploading 2k12.FullName
Uploading 2k12R2.FullName
Uploading 2k16.FullName
Uploading 2k19.FullName
Uploading 2k8.FullName
Uploading 2k8R2.FullName
Uploading w10.FullName
Uploading w7.FullName
Uploading w8.FullName
Uploading w8.1.FullName
Uploading amd64.FullName
Uploading WdfCoInstaller01011.dll.FullName
Uploading pvpanic.cat.FullName
Uploading pvpanic.inf.FullName
Uploading pvpanic.pdb.FullName
Uploading pvpanic.sys.FullName
Uploading amd64.FullName
Uploading WdfCoInstaller01011.dll.FullName
Uploading pvpanic.cat.FullName
Uploading pvpanic.inf.FullName
Uploading pvpanic.pdb.FullName
Uploading pvpanic.sys.FullName
Uploading amd64.FullName
Uploading pvpanic.cat.FullName
Uploading pvpanic.inf.FullName
Uploading pvpanic.pdb.FullName
Uploading pvpanic.sys.FullName
Uploading amd64.FullName
Uploading pvpanic.cat.FullName
Uploading pvpanic.inf.FullName
Uploading pvpanic.pdb.FullName
Uploading pvpanic.sys.FullName
Uploading amd64.FullName
Uploading x86.FullName
Uploading WdfCoInstaller01009.dll.FullName
Uploading pvpanic.cat.FullName
Uploading pvpanic.inf.FullName
Uploading pvpanic.pdb.FullName
Uploading pvpanic.sys.FullName
Uploading WdfCoInstaller01009.dll.FullName
Uploading pvpanic.cat.FullName
Uploading pvpanic.inf.FullName
Uploading pvpanic.pdb.FullName
Uploading pvpanic.sys.FullName
Uploading amd64.FullName
Uploading WdfCoInstaller01009.dll.FullName
Uploading pvpanic.cat.FullName
Uploading pvpanic.inf.FullName
Uploading pvpanic.pdb.FullName
Uploading pvpanic.sys.FullName
Uploading ARM64.FullName
Uploading amd64.FullName
Uploading x86.FullName
Uploading pvpanic.cat.FullName
Uploading pvpanic.inf.FullName
Uploading pvpanic.pdb.FullName
Uploading pvpanic.sys.FullName
Uploading pvpanic.cat.FullName
Uploading pvpanic.inf.FullName
Uploading pvpanic.pdb.FullName
Uploading pvpanic.sys.FullName
Uploading pvpanic.cat.FullName
Uploading pvpanic.inf.FullName
Uploading pvpanic.pdb.FullName
Uploading pvpanic.sys.FullName
Uploading amd64.FullName
Uploading x86.FullName
Uploading WdfCoInstaller01009.dll.FullName
Uploading pvpanic.cat.FullName
Uploading pvpanic.inf.FullName
Uploading pvpanic.pdb.FullName
Uploading pvpanic.sys.FullName
Uploading WdfCoInstaller01009.dll.FullName
Uploading pvpanic.cat.FullName
Uploading pvpanic.inf.FullName
Uploading pvpanic.pdb.FullName
Uploading pvpanic.sys.FullName
Uploading amd64.FullName
Uploading x86.FullName
Uploading WdfCoInstaller01011.dll.FullName
Uploading pvpanic.cat.FullName
Uploading pvpanic.inf.FullName
Uploading pvpanic.pdb.FullName
Uploading pvpanic.sys.FullName
Uploading WdfCoInstaller01011.dll.FullName
Uploading pvpanic.cat.FullName
Uploading pvpanic.inf.FullName
Uploading pvpanic.pdb.FullName
Uploading pvpanic.sys.FullName
Uploading amd64.FullName
Uploading x86.FullName
Uploading WdfCoInstaller01011.dll.FullName
Uploading pvpanic.cat.FullName
Uploading pvpanic.inf.FullName
Uploading pvpanic.pdb.FullName
Uploading pvpanic.sys.FullName
Uploading WdfCoInstaller01011.dll.FullName
Uploading pvpanic.cat.FullName
Uploading pvpanic.inf.FullName
Uploading pvpanic.pdb.FullName
Uploading pvpanic.sys.FullName
Uploading 2k16.FullName
Uploading 2k19.FullName
Uploading w10.FullName
Uploading amd64.FullName
Uploading qemufwcfg.cat.FullName
Uploading qemufwcfg.inf.FullName
Uploading amd64.FullName
Uploading qemufwcfg.cat.FullName
Uploading qemufwcfg.inf.FullName
Uploading amd64.FullName
Uploading x86.FullName
Uploading qemufwcfg.cat.FullName
Uploading qemufwcfg.inf.FullName
Uploading qemufwcfg.cat.FullName
Uploading qemufwcfg.inf.FullName
Uploading 2k12.FullName
Uploading 2k12R2.FullName
Uploading 2k16.FullName
Uploading 2k19.FullName
Uploading 2k8.FullName
Uploading 2k8R2.FullName
Uploading w10.FullName
Uploading w7.FullName
Uploading w8.FullName
Uploading w8.1.FullName
Uploading amd64.FullName
Uploading qemupciserial.cat.FullName
Uploading qemupciserial.inf.FullName
Uploading amd64.FullName
Uploading qemupciserial.cat.FullName
Uploading qemupciserial.inf.FullName
Uploading amd64.FullName
Uploading qemupciserial.cat.FullName
Uploading qemupciserial.inf.FullName
Uploading amd64.FullName
Uploading qemupciserial.cat.FullName
Uploading qemupciserial.inf.FullName
Uploading amd64.FullName
Uploading x86.FullName
Uploading qemupciserial.cat.FullName
Uploading qemupciserial.inf.FullName
Uploading qemupciserial.cat.FullName
Uploading qemupciserial.inf.FullName
Uploading amd64.FullName
Uploading qemupciserial.cat.FullName
Uploading qemupciserial.inf.FullName
Uploading amd64.FullName
Uploading x86.FullName
Uploading qemupciserial.cat.FullName
Uploading qemupciserial.inf.FullName
Uploading qemupciserial.cat.FullName
Uploading qemupciserial.inf.FullName
Uploading amd64.FullName
Uploading x86.FullName
Uploading qemupciserial.cat.FullName
Uploading qemupciserial.inf.FullName
Uploading qemupciserial.cat.FullName
Uploading qemupciserial.inf.FullName
Uploading amd64.FullName
Uploading x86.FullName
Uploading qemupciserial.cat.FullName
Uploading qemupciserial.inf.FullName
Uploading qemupciserial.cat.FullName
Uploading qemupciserial.inf.FullName
Uploading amd64.FullName
Uploading x86.FullName
Uploading qemupciserial.cat.FullName
Uploading qemupciserial.inf.FullName
Uploading qemupciserial.cat.FullName
Uploading qemupciserial.inf.FullName
Uploading 2k8R2.FullName
Uploading w7.FullName
Uploading xp.FullName
Uploading amd64.FullName
Uploading qxl.cat.FullName
Uploading qxl.inf.FullName
Uploading qxl.sys.FullName
Uploading qxldd.dll.FullName
Uploading amd64.FullName
Uploading x86.FullName
Uploading qxl.cat.FullName
Uploading qxl.inf.FullName
Uploading qxl.sys.FullName
Uploading qxldd.dll.FullName
Uploading qxl.cat.FullName
Uploading qxl.inf.FullName
Uploading qxl.sys.FullName
Uploading qxldd.dll.FullName
Uploading x86.FullName
Uploading qxl.cat.FullName
Uploading qxl.inf.FullName
Uploading qxl.sys.FullName
Uploading qxldd.dll.FullName
Uploading 2k12.FullName
Uploading 2k12R2.FullName
Uploading 2k16.FullName
Uploading 2k19.FullName
Uploading w10.FullName
Uploading w8.FullName
Uploading w8.1.FullName
Uploading amd64.FullName
Uploading qxldod.cat.FullName
Uploading qxldod.inf.FullName
Uploading qxldod.pdb.FullName
Uploading qxldod.sys.FullName
Uploading amd64.FullName
Uploading qxldod.cat.FullName
Uploading qxldod.inf.FullName
Uploading qxldod.pdb.FullName
Uploading qxldod.sys.FullName
Uploading amd64.FullName
Uploading qxldod.cat.FullName
Uploading qxldod.inf.FullName
Uploading qxldod.pdb.FullName
Uploading qxldod.sys.FullName
Uploading amd64.FullName
Uploading qxldod.cat.FullName
Uploading qxldod.inf.FullName
Uploading qxldod.pdb.FullName
Uploading qxldod.sys.FullName
Uploading amd64.FullName
Uploading x86.FullName
Uploading qxldod.cat.FullName
Uploading qxldod.inf.FullName
Uploading qxldod.pdb.FullName
Uploading qxldod.sys.FullName
Uploading qxldod.cat.FullName
Uploading qxldod.inf.FullName
Uploading qxldod.pdb.FullName
Uploading qxldod.sys.FullName
Uploading amd64.FullName
Uploading x86.FullName
Uploading qxldod.cat.FullName
Uploading qxldod.inf.FullName
Uploading qxldod.pdb.FullName
Uploading qxldod.sys.FullName
Uploading qxldod.cat.FullName
Uploading qxldod.inf.FullName
Uploading qxldod.pdb.FullName
Uploading qxldod.sys.FullName
Uploading amd64.FullName
Uploading x86.FullName
Uploading qxldod.cat.FullName
Uploading qxldod.inf.FullName
Uploading qxldod.pdb.FullName
Uploading qxldod.sys.FullName
Uploading qxldod.cat.FullName
Uploading qxldod.inf.FullName
Uploading qxldod.pdb.FullName
Uploading qxldod.sys.FullName
Uploading 2k8.FullName
Uploading amd64.FullName
Uploading x86.FullName
Uploading smbus.cat.FullName
Uploading smbus.inf.FullName
Uploading smbus.cat.FullName
Uploading smbus.inf.FullName
Uploading 2k12.FullName
Uploading 2k12R2.FullName
Uploading 2k16.FullName
Uploading 2k19.FullName
Uploading 2k8R2.FullName
Uploading w10.FullName
Uploading w7.FullName
Uploading w8.FullName
Uploading w8.1.FullName
Uploading amd64.FullName
Uploading WdfCoInstaller01011.dll.FullName
Uploading viohidkmdf.pdb.FullName
Uploading viohidkmdf.sys.FullName
Uploading vioinput.cat.FullName
Uploading vioinput.inf.FullName
Uploading vioinput.pdb.FullName
Uploading vioinput.sys.FullName
Uploading amd64.FullName
Uploading WdfCoInstaller01011.dll.FullName
Uploading viohidkmdf.pdb.FullName
Uploading viohidkmdf.sys.FullName
Uploading vioinput.cat.FullName
Uploading vioinput.inf.FullName
Uploading vioinput.pdb.FullName
Uploading vioinput.sys.FullName
Uploading amd64.FullName
Uploading viohidkmdf.pdb.FullName
Uploading viohidkmdf.sys.FullName
Uploading vioinput.cat.FullName
Uploading vioinput.inf.FullName
Uploading vioinput.pdb.FullName
Uploading vioinput.sys.FullName
Uploading amd64.FullName
Uploading viohidkmdf.pdb.FullName
Uploading viohidkmdf.sys.FullName
Uploading vioinput.cat.FullName
Uploading vioinput.inf.FullName
Uploading vioinput.pdb.FullName
Uploading vioinput.sys.FullName
Uploading amd64.FullName
Uploading WdfCoInstaller01009.dll.FullName
Uploading viohidkmdf.pdb.FullName
Uploading viohidkmdf.sys.FullName
Uploading vioinput.cat.FullName
Uploading vioinput.inf.FullName
Uploading vioinput.pdb.FullName
Uploading vioinput.sys.FullName
Uploading ARM64.FullName
Uploading amd64.FullName
Uploading x86.FullName
Uploading viohidkmdf.pdb.FullName
Uploading viohidkmdf.sys.FullName
Uploading vioinput.cat.FullName
Uploading vioinput.inf.FullName
Uploading vioinput.pdb.FullName
Uploading vioinput.sys.FullName
Uploading viohidkmdf.pdb.FullName
Uploading viohidkmdf.sys.FullName
Uploading vioinput.cat.FullName
Uploading vioinput.inf.FullName
Uploading vioinput.pdb.FullName
Uploading vioinput.sys.FullName
Uploading viohidkmdf.pdb.FullName
Uploading viohidkmdf.sys.FullName
Uploading vioinput.cat.FullName
Uploading vioinput.inf.FullName
Uploading vioinput.pdb.FullName
Uploading vioinput.sys.FullName
Uploading amd64.FullName
Uploading x86.FullName
Uploading WdfCoInstaller01009.dll.FullName
Uploading viohidkmdf.pdb.FullName
Uploading viohidkmdf.sys.FullName
Uploading vioinput.cat.FullName
Uploading vioinput.inf.FullName
Uploading vioinput.pdb.FullName
Uploading vioinput.sys.FullName
Uploading WdfCoInstaller01009.dll.FullName
Uploading viohidkmdf.pdb.FullName
Uploading viohidkmdf.sys.FullName
Uploading vioinput.cat.FullName
Uploading vioinput.inf.FullName
Uploading vioinput.pdb.FullName
Uploading vioinput.sys.FullName
Uploading amd64.FullName
Uploading x86.FullName
Uploading WdfCoInstaller01011.dll.FullName
Uploading viohidkmdf.pdb.FullName
Uploading viohidkmdf.sys.FullName
Uploading vioinput.cat.FullName
Uploading vioinput.inf.FullName
Uploading vioinput.pdb.FullName
Uploading vioinput.sys.FullName
Uploading WdfCoInstaller01011.dll.FullName
Uploading viohidkmdf.pdb.FullName
Uploading viohidkmdf.sys.FullName
Uploading vioinput.cat.FullName
Uploading vioinput.inf.FullName
Uploading vioinput.pdb.FullName
Uploading vioinput.sys.FullName
Uploading amd64.FullName
Uploading x86.FullName
Uploading WdfCoInstaller01011.dll.FullName
Uploading viohidkmdf.pdb.FullName
Uploading viohidkmdf.sys.FullName
Uploading vioinput.cat.FullName
Uploading vioinput.inf.FullName
Uploading vioinput.pdb.FullName
Uploading vioinput.sys.FullName
Uploading WdfCoInstaller01011.dll.FullName
Uploading viohidkmdf.pdb.FullName
Uploading viohidkmdf.sys.FullName
Uploading vioinput.cat.FullName
Uploading vioinput.inf.FullName
Uploading vioinput.pdb.FullName
Uploading vioinput.sys.FullName
Uploading 2k12.FullName
Uploading 2k12R2.FullName
Uploading 2k16.FullName
Uploading 2k19.FullName
Uploading 2k8.FullName
Uploading 2k8R2.FullName
Uploading w10.FullName
Uploading w7.FullName
Uploading w8.FullName
Uploading w8.1.FullName
Uploading amd64.FullName
Uploading WdfCoInstaller01011.dll.FullName
Uploading viorng.cat.FullName
Uploading viorng.inf.FullName
Uploading viorng.pdb.FullName
Uploading viorng.sys.FullName
Uploading viorngci.dll.FullName
Uploading viorngci.pdb.FullName
Uploading viorngum.dll.FullName
Uploading viorngum.pdb.FullName
Uploading amd64.FullName
Uploading WdfCoInstaller01011.dll.FullName
Uploading viorng.cat.FullName
Uploading viorng.inf.FullName
Uploading viorng.pdb.FullName
Uploading viorng.sys.FullName
Uploading viorngci.dll.FullName
Uploading viorngci.pdb.FullName
Uploading viorngum.dll.FullName
Uploading viorngum.pdb.FullName
Uploading amd64.FullName
Uploading viorng.cat.FullName
Uploading viorng.inf.FullName
Uploading viorng.pdb.FullName
Uploading viorng.sys.FullName
Uploading viorngci.dll.FullName
Uploading viorngci.pdb.FullName
Uploading viorngum.dll.FullName
Uploading viorngum.pdb.FullName
Uploading amd64.FullName
Uploading viorng.cat.FullName
Uploading viorng.inf.FullName
Uploading viorng.pdb.FullName
Uploading viorng.sys.FullName
Uploading viorngci.dll.FullName
Uploading viorngci.pdb.FullName
Uploading viorngum.dll.FullName
Uploading viorngum.pdb.FullName
Uploading amd64.FullName
Uploading x86.FullName
Uploading WdfCoInstaller01009.dll.FullName
Uploading viorng.cat.FullName
Uploading viorng.inf.FullName
Uploading viorng.pdb.FullName
Uploading viorng.sys.FullName
Uploading viorngci.dll.FullName
Uploading viorngci.pdb.FullName
Uploading viorngum.dll.FullName
Uploading viorngum.pdb.FullName
Uploading WdfCoInstaller01009.dll.FullName
Uploading viorng.cat.FullName
Uploading viorng.inf.FullName
Uploading viorng.pdb.FullName
Uploading viorng.sys.FullName
Uploading viorngci.dll.FullName
Uploading viorngci.pdb.FullName
Uploading viorngum.dll.FullName
Uploading viorngum.pdb.FullName
Uploading amd64.FullName
Uploading WdfCoInstaller01009.dll.FullName
Uploading viorng.cat.FullName
Uploading viorng.inf.FullName
Uploading viorng.pdb.FullName
Uploading viorng.sys.FullName
Uploading viorngci.dll.FullName
Uploading viorngci.pdb.FullName
Uploading viorngum.dll.FullName
Uploading viorngum.pdb.FullName
Uploading amd64.FullName
Uploading x86.FullName
Uploading viorng.cat.FullName
Uploading viorng.inf.FullName
Uploading viorng.pdb.FullName
Uploading viorng.sys.FullName
Uploading viorngci.dll.FullName
Uploading viorngci.pdb.FullName
Uploading viorngum.dll.FullName
Uploading viorngum.pdb.FullName
Uploading viorng.cat.FullName
Uploading viorng.inf.FullName
Uploading viorng.pdb.FullName
Uploading viorng.sys.FullName
Uploading viorngci.dll.FullName
Uploading viorngci.pdb.FullName
Uploading viorngum.dll.FullName
Uploading viorngum.pdb.FullName
Uploading amd64.FullName
Uploading x86.FullName
Uploading WdfCoInstaller01009.dll.FullName
Uploading viorng.cat.FullName
Uploading viorng.inf.FullName
Uploading viorng.pdb.FullName
Uploading viorng.sys.FullName
Uploading viorngci.dll.FullName
Uploading viorngci.pdb.FullName
Uploading viorngum.dll.FullName
Uploading viorngum.pdb.FullName
Uploading WdfCoInstaller01009.dll.FullName
Uploading viorng.cat.FullName
Uploading viorng.inf.FullName
Uploading viorng.pdb.FullName
Uploading viorng.sys.FullName
Uploading viorngci.dll.FullName
Uploading viorngci.pdb.FullName
Uploading viorngum.dll.FullName
Uploading viorngum.pdb.FullName
Uploading amd64.FullName
Uploading x86.FullName
Uploading WdfCoInstaller01011.dll.FullName
Uploading viorng.cat.FullName
Uploading viorng.inf.FullName
Uploading viorng.pdb.FullName
Uploading viorng.sys.FullName
Uploading viorngci.dll.FullName
Uploading viorngci.pdb.FullName
Uploading viorngum.dll.FullName
Uploading viorngum.pdb.FullName
Uploading WdfCoInstaller01011.dll.FullName
Uploading viorng.cat.FullName
Uploading viorng.inf.FullName
Uploading viorng.pdb.FullName
Uploading viorng.sys.FullName
Uploading viorngci.dll.FullName
Uploading viorngci.pdb.FullName
Uploading viorngum.dll.FullName
Uploading viorngum.pdb.FullName
Uploading amd64.FullName
Uploading x86.FullName
Uploading WdfCoInstaller01011.dll.FullName
Uploading viorng.cat.FullName
Uploading viorng.inf.FullName
Uploading viorng.pdb.FullName
Uploading viorng.sys.FullName
Uploading viorngci.dll.FullName
Uploading viorngci.pdb.FullName
Uploading viorngum.dll.FullName
Uploading viorngum.pdb.FullName
Uploading WdfCoInstaller01011.dll.FullName
Uploading viorng.cat.FullName
Uploading viorng.inf.FullName
Uploading viorng.pdb.FullName
Uploading viorng.sys.FullName
Uploading viorngci.dll.FullName
Uploading viorngci.pdb.FullName
Uploading viorngum.dll.FullName
Uploading viorngum.pdb.FullName
Uploading 2k12.FullName
Uploading 2k12R2.FullName
Uploading 2k16.FullName
Uploading 2k19.FullName
Uploading 2k8.FullName
Uploading 2k8R2.FullName
Uploading w10.FullName
Uploading w7.FullName
Uploading w8.FullName
Uploading w8.1.FullName
Uploading amd64.FullName
Uploading vioscsi.cat.FullName
Uploading vioscsi.inf.FullName
Uploading vioscsi.pdb.FullName
Uploading vioscsi.sys.FullName
Uploading amd64.FullName
Uploading vioscsi.cat.FullName
Uploading vioscsi.inf.FullName
Uploading vioscsi.pdb.FullName
Uploading vioscsi.sys.FullName
Uploading amd64.FullName
Uploading vioscsi.cat.FullName
Uploading vioscsi.inf.FullName
Uploading vioscsi.pdb.FullName
Uploading vioscsi.sys.FullName
Uploading amd64.FullName
Uploading vioscsi.cat.FullName
Uploading vioscsi.inf.FullName
Uploading vioscsi.pdb.FullName
Uploading vioscsi.sys.FullName
Uploading amd64.FullName
Uploading x86.FullName
Uploading vioscsi.cat.FullName
Uploading vioscsi.inf.FullName
Uploading vioscsi.pdb.FullName
Uploading vioscsi.sys.FullName
Uploading vioscsi.cat.FullName
Uploading vioscsi.inf.FullName
Uploading vioscsi.pdb.FullName
Uploading vioscsi.sys.FullName
Uploading amd64.FullName
Uploading vioscsi.cat.FullName
Uploading vioscsi.inf.FullName
Uploading vioscsi.pdb.FullName
Uploading vioscsi.sys.FullName
Uploading ARM64.FullName
Uploading amd64.FullName
Uploading x86.FullName
Uploading vioscsi.cat.FullName
Uploading vioscsi.inf.FullName
Uploading vioscsi.pdb.FullName
Uploading vioscsi.sys.FullName
Uploading vioscsi.cat.FullName
Uploading vioscsi.inf.FullName
Uploading vioscsi.pdb.FullName
Uploading vioscsi.sys.FullName
Uploading vioscsi.cat.FullName
Uploading vioscsi.inf.FullName
Uploading vioscsi.pdb.FullName
Uploading vioscsi.sys.FullName
Uploading amd64.FullName
Uploading x86.FullName
Uploading vioscsi.cat.FullName
Uploading vioscsi.inf.FullName
Uploading vioscsi.pdb.FullName
Uploading vioscsi.sys.FullName
Uploading vioscsi.cat.FullName
Uploading vioscsi.inf.FullName
Uploading vioscsi.pdb.FullName
Uploading vioscsi.sys.FullName
Uploading amd64.FullName
Uploading x86.FullName
Uploading vioscsi.cat.FullName
Uploading vioscsi.inf.FullName
Uploading vioscsi.pdb.FullName
Uploading vioscsi.sys.FullName
Uploading vioscsi.cat.FullName
Uploading vioscsi.inf.FullName
Uploading vioscsi.pdb.FullName
Uploading vioscsi.sys.FullName
Uploading amd64.FullName
Uploading x86.FullName
Uploading vioscsi.cat.FullName
Uploading vioscsi.inf.FullName
Uploading vioscsi.pdb.FullName
Uploading vioscsi.sys.FullName
Uploading vioscsi.cat.FullName
Uploading vioscsi.inf.FullName
Uploading vioscsi.pdb.FullName
Uploading vioscsi.sys.FullName
Uploading 2k12.FullName
Uploading 2k12R2.FullName
Uploading 2k16.FullName
Uploading 2k19.FullName
Uploading 2k3.FullName
Uploading 2k8.FullName
Uploading 2k8R2.FullName
Uploading w10.FullName
Uploading w7.FullName
Uploading w8.FullName
Uploading w8.1.FullName
Uploading xp.FullName
Uploading amd64.FullName
Uploading WdfCoInstaller01011.dll.FullName
Uploading vioser.cat.FullName
Uploading vioser.inf.FullName
Uploading vioser.pdb.FullName
Uploading vioser.sys.FullName
Uploading amd64.FullName
Uploading WdfCoInstaller01011.dll.FullName
Uploading vioser.cat.FullName
Uploading vioser.inf.FullName
Uploading vioser.pdb.FullName
Uploading vioser.sys.FullName
Uploading amd64.FullName
Uploading vioser.cat.FullName
Uploading vioser.inf.FullName
Uploading vioser.pdb.FullName
Uploading vioser.sys.FullName
Uploading amd64.FullName
Uploading vioser.cat.FullName
Uploading vioser.inf.FullName
Uploading vioser.pdb.FullName
Uploading vioser.sys.FullName
Uploading amd64.FullName
Uploading x86.FullName
Uploading WdfCoInstaller01009.dll.FullName
Uploading vioser.cat.FullName
Uploading vioser.inf.FullName
Uploading vioser.pdb.FullName
Uploading vioser.sys.FullName
Uploading WdfCoInstaller01009.dll.FullName
Uploading vioser.cat.FullName
Uploading vioser.inf.FullName
Uploading vioser.pdb.FullName
Uploading vioser.sys.FullName
Uploading amd64.FullName
Uploading x86.FullName
Uploading WdfCoInstaller01009.dll.FullName
Uploading vioser.cat.FullName
Uploading vioser.inf.FullName
Uploading vioser.pdb.FullName
Uploading vioser.sys.FullName
Uploading WdfCoInstaller01009.dll.FullName
Uploading vioser.cat.FullName
Uploading vioser.inf.FullName
Uploading vioser.pdb.FullName
Uploading vioser.sys.FullName
Uploading amd64.FullName
Uploading WdfCoInstaller01009.dll.FullName
Uploading vioser.cat.FullName
Uploading vioser.inf.FullName
Uploading vioser.pdb.FullName
Uploading vioser.sys.FullName
Uploading ARM64.FullName
Uploading amd64.FullName
Uploading x86.FullName
Uploading vioser.cat.FullName
Uploading vioser.inf.FullName
Uploading vioser.pdb.FullName
Uploading vioser.sys.FullName
Uploading vioser.cat.FullName
Uploading vioser.inf.FullName
Uploading vioser.pdb.FullName
Uploading vioser.sys.FullName
Uploading vioser.cat.FullName
Uploading vioser.inf.FullName
Uploading vioser.pdb.FullName
Uploading vioser.sys.FullName
Uploading amd64.FullName
Uploading x86.FullName
Uploading WdfCoInstaller01009.dll.FullName
Uploading vioser.cat.FullName
Uploading vioser.inf.FullName
Uploading vioser.pdb.FullName
Uploading vioser.sys.FullName
Uploading WdfCoInstaller01009.dll.FullName
Uploading vioser.cat.FullName
Uploading vioser.inf.FullName
Uploading vioser.pdb.FullName
Uploading vioser.sys.FullName
Uploading amd64.FullName
Uploading x86.FullName
Uploading WdfCoInstaller01011.dll.FullName
Uploading vioser.cat.FullName
Uploading vioser.inf.FullName
Uploading vioser.pdb.FullName
Uploading vioser.sys.FullName
Uploading WdfCoInstaller01011.dll.FullName
Uploading vioser.cat.FullName
Uploading vioser.inf.FullName
Uploading vioser.pdb.FullName
Uploading vioser.sys.FullName
Uploading amd64.FullName
Uploading x86.FullName
Uploading WdfCoInstaller01011.dll.FullName
Uploading vioser.cat.FullName
Uploading vioser.inf.FullName
Uploading vioser.pdb.FullName
Uploading vioser.sys.FullName
Uploading WdfCoInstaller01011.dll.FullName
Uploading vioser.cat.FullName
Uploading vioser.inf.FullName
Uploading vioser.pdb.FullName
Uploading vioser.sys.FullName
Uploading amd64.FullName
Uploading x86.FullName
Uploading WdfCoInstaller01009.dll.FullName
Uploading vioser.cat.FullName
Uploading vioser.inf.FullName
Uploading vioser.pdb.FullName
Uploading vioser.sys.FullName
Uploading WdfCoInstaller01009.dll.FullName
Uploading vioser.cat.FullName
Uploading vioser.inf.FullName
Uploading vioser.pdb.FullName
Uploading vioser.sys.FullName
Uploading 2k12.FullName
Uploading 2k12R2.FullName
Uploading 2k16.FullName
Uploading 2k19.FullName
Uploading 2k3.FullName
Uploading 2k8.FullName
Uploading 2k8R2.FullName
Uploading w10.FullName
Uploading w7.FullName
Uploading w8.FullName
Uploading w8.1.FullName
Uploading xp.FullName
Uploading amd64.FullName
Uploading viostor.cat.FullName
Uploading viostor.inf.FullName
Uploading viostor.pdb.FullName
Uploading viostor.sys.FullName
Uploading amd64.FullName
Uploading viostor.cat.FullName
Uploading viostor.inf.FullName
Uploading viostor.pdb.FullName
Uploading viostor.sys.FullName
Uploading amd64.FullName
Uploading viostor.cat.FullName
Uploading viostor.inf.FullName
Uploading viostor.pdb.FullName
Uploading viostor.sys.FullName
Uploading amd64.FullName
Uploading viostor.cat.FullName
Uploading viostor.inf.FullName
Uploading viostor.pdb.FullName
Uploading viostor.sys.FullName
Uploading amd64.FullName
Uploading x86.FullName
Uploading viostor.cat.FullName
Uploading viostor.inf.FullName
Uploading viostor.pdb.FullName
Uploading viostor.sys.FullName
Uploading viostor.cat.FullName
Uploading viostor.inf.FullName
Uploading viostor.pdb.FullName
Uploading viostor.sys.FullName
Uploading amd64.FullName
Uploading x86.FullName
Uploading viostor.cat.FullName
Uploading viostor.inf.FullName
Uploading viostor.pdb.FullName
Uploading viostor.sys.FullName
Uploading viostor.cat.FullName
Uploading viostor.inf.FullName
Uploading viostor.pdb.FullName
Uploading viostor.sys.FullName
Uploading amd64.FullName
Uploading viostor.cat.FullName
Uploading viostor.inf.FullName
Uploading viostor.pdb.FullName
Uploading viostor.sys.FullName
Uploading ARM64.FullName
Uploading amd64.FullName
Uploading x86.FullName
Uploading viostor.cat.FullName
Uploading viostor.inf.FullName
Uploading viostor.pdb.FullName
Uploading viostor.sys.FullName
Uploading viostor.cat.FullName
Uploading viostor.inf.FullName
Uploading viostor.pdb.FullName
Uploading viostor.sys.FullName
Uploading viostor.cat.FullName
Uploading viostor.inf.FullName
Uploading viostor.pdb.FullName
Uploading viostor.sys.FullName
Uploading amd64.FullName
Uploading x86.FullName
Uploading viostor.cat.FullName
Uploading viostor.inf.FullName
Uploading viostor.pdb.FullName
Uploading viostor.sys.FullName
Uploading viostor.cat.FullName
Uploading viostor.inf.FullName
Uploading viostor.pdb.FullName
Uploading viostor.sys.FullName
Uploading amd64.FullName
Uploading x86.FullName
Uploading viostor.cat.FullName
Uploading viostor.inf.FullName
Uploading viostor.pdb.FullName
Uploading viostor.sys.FullName
Uploading viostor.cat.FullName
Uploading viostor.inf.FullName
Uploading viostor.pdb.FullName
Uploading viostor.sys.FullName
Uploading amd64.FullName
Uploading x86.FullName
Uploading viostor.cat.FullName
Uploading viostor.inf.FullName
Uploading viostor.pdb.FullName
Uploading viostor.sys.FullName
Uploading viostor.cat.FullName
Uploading viostor.inf.FullName
Uploading viostor.pdb.FullName
Uploading viostor.sys.FullName
Uploading amd64.FullName
Uploading x86.FullName
Uploading viostor.cat.FullName
Uploading viostor.inf.FullName
Uploading viostor.pdb.FullName
Uploading viostor.sys.FullName
Uploading viostor.cat.FullName
Uploading viostor.inf.FullName
Uploading viostor.pdb.FullName
Uploading viostor.sys.FullName
Uploading boot.FullName
Uploading efi.FullName
Uploading sources.FullName
Uploading support.FullName
Uploading autorun.inf.FullName
Uploading bootmgr.FullName
Uploading bootmgr.efi.FullName
Uploading setup.exe.FullName
Uploading de-de.FullName
Uploading fonts.FullName
Uploading resources.FullName
Uploading bcd.FullName
Uploading boot.sdi.FullName
Uploading bootfix.bin.FullName
Uploading bootsect.exe.FullName
Uploading etfsboot.com.FullName
Uploading memtest.exe.FullName
Uploading bootsect.exe.mui.FullName
Uploading chs_boot.ttf.FullName
Uploading cht_boot.ttf.FullName
Uploading jpn_boot.ttf.FullName
Uploading kor_boot.ttf.FullName
Uploading malgun_boot.ttf.FullName
Uploading malgun_console.ttf.FullName
Uploading malgunn_boot.ttf.FullName
Uploading meiryo_boot.ttf.FullName
Uploading meiryo_console.ttf.FullName
Uploading meiryon_boot.ttf.FullName
Uploading msjh_boot.ttf.FullName
Uploading msjh_console.ttf.FullName
Uploading msjhn_boot.ttf.FullName
Uploading msyh_boot.ttf.FullName
Uploading msyh_console.ttf.FullName
Uploading msyhn_boot.ttf.FullName
Uploading segmono_boot.ttf.FullName
Uploading segoe_slboot.ttf.FullName
Uploading segoen_slboot.ttf.FullName
Uploading wgl4_boot.ttf.FullName
Uploading bootres.dll.FullName
Uploading boot.FullName
Uploading microsoft.FullName
Uploading bootx64.efi.FullName
Uploading boot.FullName
Uploading fonts.FullName
Uploading resources.FullName
Uploading bcd.FullName
Uploading cdboot.efi.FullName
Uploading cdboot_noprompt.efi.FullName
Uploading efisys.bin.FullName
Uploading efisys_noprompt.bin.FullName
Uploading memtest.efi.FullName
Uploading winsipolicy.p7b.FullName
Uploading chs_boot.ttf.FullName
Uploading cht_boot.ttf.FullName
Uploading jpn_boot.ttf.FullName
Uploading kor_boot.ttf.FullName
Uploading malgun_boot.ttf.FullName
Uploading malgun_console.ttf.FullName
Uploading malgunn_boot.ttf.FullName
Uploading meiryo_boot.ttf.FullName
Uploading meiryo_console.ttf.FullName
Uploading meiryon_boot.ttf.FullName
Uploading msjh_boot.ttf.FullName
Uploading msjh_console.ttf.FullName
Uploading msjhn_boot.ttf.FullName
Uploading msyh_boot.ttf.FullName
Uploading msyh_console.ttf.FullName
Uploading msyhn_boot.ttf.FullName
Uploading segmono_boot.ttf.FullName
Uploading segoe_slboot.ttf.FullName
Uploading segoen_slboot.ttf.FullName
Uploading wgl4_boot.ttf.FullName
Uploading bootres.dll.FullName
Uploading de-de.FullName
Uploading dlmanifests.FullName
Uploading etwproviders.FullName
Uploading inf.FullName
Uploading migration.FullName
Uploading replacementmanifests.FullName
Uploading sxs.FullName
Uploading uup.FullName
Uploading vista.FullName
Uploading xp.FullName
Uploading acmigration.dll.FullName
Uploading acres.dll.FullName
Uploading actionqueue.dll.FullName
Uploading adfscomp.dll.FullName
Uploading admtv3check.dll.FullName
Uploading aeinv.dll.FullName
Uploading alert.gif.FullName
Uploading appcompat.xsl.FullName
Uploading appcompat_bidi.xsl.FullName
Uploading appcompat_detailed.xsl.FullName
Uploading appcompat_detailed_bidi.xsl.FullName
Uploading appcompat_detailed_bidi_txt.xsl.FullName
Uploading appcompat_detailed_txt.xsl.FullName
Uploading appcompatservicing.dll.FullName
Uploading appraiser.dll.FullName
Uploading appraiser.sdb.FullName
Uploading appraiserdatasha1.cat.FullName
Uploading appraiserres.dll.FullName
Uploading appraiserwc.dll.FullName
Uploading arunimg.dll.FullName
Uploading arunres.dll.FullName
Uploading autorun.dll.FullName
Uploading background_cli.bmp.FullName
Uploading boot.wim.FullName
Uploading cdplib.mof.FullName
Uploading cdplibuninstall.mof.FullName
Uploading clustercompliance.dll.FullName
Uploading cmi2migxml.dll.FullName
Uploading cmisetup.dll.FullName
Uploading compatctrl.dll.FullName
Uploading compatresources.dll.FullName
Uploading compres.dll.FullName
Uploading cryptosetup.dll.FullName
Uploading csiagent.dll.FullName
Uploading cversion.ini.FullName
Uploading db_msftproductionwindowssigningca.cer.FullName
Uploading devinv.dll.FullName
Uploading diager.dll.FullName
Uploading diagnostic.dll.FullName
Uploading diagtrack.dll.FullName
Uploading diagtrackrunner.exe.FullName
Uploading dism.exe.FullName
Uploading dismapi.dll.FullName
Uploading dismcore.dll.FullName
Uploading dismcoreps.dll.FullName
Uploading dismprov.dll.FullName
Uploading du.dll.FullName
Uploading facilitator.dll.FullName
Uploading folderprovider.dll.FullName
Uploading gatherosstate.exe.FullName
Uploading generaltel.dll.FullName
Uploading hwcompat.dll.FullName
Uploading hwcompat.txt.FullName
Uploading hwcompatPE.txt.FullName
Uploading hwexclude.txt.FullName
Uploading hwexcludePE.txt.FullName
Uploading hypervcomplcheck.dll.FullName
Uploading iasmigplugin.dll.FullName
Uploading idwbinfo.txt.FullName
Uploading iiscomp.dll.FullName
Uploading imagingprovider.dll.FullName
Uploading input.dll.FullName
Uploading install.wim.FullName
Uploading itgtupg.dll.FullName
Uploading lang.ini.FullName
Uploading locale.nls.FullName
Uploading logprovider.dll.FullName
Uploading mediasetupuimgr.dll.FullName
Uploading migapp.xml.FullName
Uploading migcore.dll.FullName
Uploading mighost.exe.FullName
Uploading migisol.dll.FullName
Uploading migres.dll.FullName
Uploading migstore.dll.FullName
Uploading migsys.dll.FullName
Uploading migtestplugin.dll.FullName
Uploading mitigation.dll.FullName
Uploading mxeagent.dll.FullName
Uploading nlsbres.dll.FullName
Uploading ntdsupg.dll.FullName
Uploading ntfrsupg.dll.FullName
Uploading nxquery.inf.FullName
Uploading nxquery.sys.FullName
Uploading offline.xml.FullName
Uploading offlineprofileutils.dll.FullName
Uploading oscomps.woa.xml.FullName
Uploading oscomps.xml.FullName
Uploading osfilter.inf.FullName
Uploading outofbox_windows_db.bin.FullName
Uploading pnpibs.dll.FullName
Uploading pnppropmig.dll.FullName
Uploading rdsupgcheck.dll.FullName
Uploading reagent.admx.FullName
Uploading reagent.dll.FullName
Uploading reagent.xml.FullName
Uploading reportgen.dll.FullName
Uploading reservemanager.dll.FullName
Uploading rmsupg.dll.FullName
Uploading rollback.exe.FullName
Uploading schema.dat.FullName
Uploading sdbapiu.dll.FullName
Uploading segoeui.ttf.FullName
Uploading setup.exe.FullName
Uploading setupcompat.dll.FullName
Uploading setupcore.dll.FullName
Uploading setupdiag.exe.FullName
Uploading setuperror.exe.FullName
Uploading setuphost.exe.FullName
Uploading setupmgr.dll.FullName
Uploading setupplatform.cfg.FullName
Uploading setupplatform.dll.FullName
Uploading setupplatform.exe.FullName
Uploading setupprep.exe.FullName
Uploading sfcn.dat.FullName
Uploading sflcid.dat.FullName
Uploading sflistrs1.dat.FullName
Uploading sflistw7.dat.FullName
Uploading sflistw8.dat.FullName
Uploading sflistw8.woa.dat.FullName
Uploading sflistwb.dat.FullName
Uploading sflistwb.woa.dat.FullName
Uploading sflistwt.dat.FullName
Uploading sflistwt.woa.dat.FullName
Uploading sfpat.inf.FullName
Uploading sfpatrs1.inf.FullName
Uploading sfpatw7.inf.FullName
Uploading sfpatw8.inf.FullName
Uploading sfpatwb.inf.FullName
Uploading sfpatwt.inf.FullName
Uploading smiengine.dll.FullName
Uploading spflvrnt.dll.FullName
Uploading spprgrss.dll.FullName
Uploading spwizeng.dll.FullName
Uploading spwizimg.dll.FullName
Uploading spwizres.dll.FullName
Uploading sqmapi.dll.FullName
Uploading uddicomp.dll.FullName
Uploading unattend.dll.FullName
Uploading unbcl.dll.FullName
Uploading uninstall.xml.FullName
Uploading uninstall_data.xml.FullName
Uploading updateagent.dll.FullName
Uploading upgloader.dll.FullName
Uploading upgrade_bulk.xml.FullName
Uploading upgrade_comp.xml.FullName
Uploading upgrade_data.xml.FullName
Uploading upgrade_frmwrk.xml.FullName
Uploading upgradeagent.dll.FullName
Uploading upgradeagent.xml.FullName
Uploading upgwow_bulk.xml.FullName
Uploading uxlib.dll.FullName
Uploading uxlibres.dll.FullName
Uploading vhdprovider.dll.FullName
Uploading w32uiimg.dll.FullName
Uploading w32uires.dll.FullName
Uploading warning.gif.FullName
Uploading wdsclient.dll.FullName
Uploading wdsclientapi.dll.FullName
Uploading wdscore.dll.FullName
Uploading wdscsl.dll.FullName
Uploading wdsimage.dll.FullName
Uploading wdstptc.dll.FullName
Uploading wdsupgcompl.dll.FullName
Uploading wdsutil.dll.FullName
Uploading wicadevicefilters.xml.FullName
Uploading wimprovider.dll.FullName
Uploading win32ui.dll.FullName
Uploading windlp.dll.FullName
Uploading winsetup.dll.FullName
Uploading winsetupboot.hiv.FullName
Uploading winsetupboot.sys.FullName
Uploading wpx.dll.FullName
Uploading acres.dll.mui.FullName
Uploading actionqueue.dll.mui.FullName
Uploading appraiser.dll.mui.FullName
Uploading appraiserwc.dll.mui.FullName
Uploading arunres.dll.mui.FullName
Uploading cmisetup.dll.mui.FullName
Uploading compatctrl.dll.mui.FullName
Uploading compatresources.dll.mui.FullName
Uploading compres.dll.mui.FullName
Uploading credits.rtf.FullName
Uploading dism.exe.mui.FullName
Uploading dismapi.dll.mui.FullName
Uploading dismcore.dll.mui.FullName
Uploading dismprov.dll.mui.FullName
Uploading erofflps.txt.FullName
Uploading folderprovider.dll.mui.FullName
Uploading imagingprovider.dll.mui.FullName
Uploading input.dll.mui.FullName
Uploading logprovider.dll.mui.FullName
Uploading mediasetupuimgr.dll.mui.FullName
Uploading migres.dll.mui.FullName
Uploading nlsbres.dll.mui.FullName
Uploading oobe_help_opt_in_details.rtf.FullName
Uploading pnpibs.dll.mui.FullName
Uploading privacy.rtf.FullName
Uploading reagent.adml.FullName
Uploading reagent.dll.mui.FullName
Uploading rollback.exe.mui.FullName
Uploading setup.exe.mui.FullName
Uploading setup_help_upgrade_or_custom.rtf.FullName
Uploading setup_help_whattokeep.rtf.FullName
Uploading setupcompat.dll.mui.FullName
Uploading setupcore.dll.mui.FullName
Uploading setuperror.exe.mui.FullName
Uploading setupplatform.exe.mui.FullName
Uploading setupprep.exe.mui.FullName
Uploading smiengine.dll.mui.FullName
Uploading spwizres.dll.mui.FullName
Uploading upgloader.dll.mui.FullName
Uploading uxlibres.dll.mui.FullName
Uploading vhdprovider.dll.mui.FullName
Uploading vofflps.rtf.FullName
Uploading w32uires.dll.mui.FullName
Uploading wdsclient.dll.mui.FullName
Uploading wdsimage.dll.mui.FullName
Uploading wimprovider.dll.mui.FullName
Uploading windlp.dll.mui.FullName
Uploading winsetup.dll.mui.FullName
Uploading microsoft-activedirectory-webservices-dl.FullName
Uploading microsoft-windows-bluetooth-config.FullName
Uploading microsoft-windows-com-complus-setup-dl.FullName
Uploading microsoft-windows-com-dtc-setup-dl.FullName
Uploading microsoft-windows-dhcpservermigplugin-dl.FullName
Uploading microsoft-windows-directoryservices-adam-dl.FullName
Uploading microsoft-windows-iasserver-migplugin.FullName
Uploading microsoft-windows-ie-clientnetworkprotocolimplementation-migration.FullName
Uploading microsoft-windows-internet-naming-service-runtime.FullName
Uploading microsoft-windows-msmq-messagingcoreservice.FullName
Uploading microsoft-windows-networkbridge.FullName
Uploading microsoft-windows-networkloadbalancing-core.FullName
Uploading microsoft-windows-rasconnectionmanager.FullName
Uploading microsoft-windows-rasserver-migplugin.FullName
Uploading microsoft-windows-tapisetup.FullName
Uploading microsoft-windows-terminalservices-licenseserver.FullName
Uploading microsoft-windows-textservicesframework-migration-dl.FullName
Uploading microsoft-windows-unimodem-config.FullName
Uploading microsoft-windows-winsock-core-infrastructure-upgrade.FullName
Uploading microsoft-windows-wmi-core.FullName
Uploading networking-mpssvc-svc.FullName
Uploading accessibilitycpl-dl.man.FullName
Uploading activedirectory-webservices-dl.man.FullName
Uploading activedirectory-wmireplicationprovider-dl.man.FullName
Uploading adsi-ldap-extensions-dl.man.FullName
Uploading adsi-ldap-provider-dl.man.FullName
Uploading adsi-router-dl.man.FullName
Uploading adsi-winnt-provider-dl.man.FullName
Uploading bluetooth-config-dl.man.FullName
Uploading browserservice-dl.man.FullName
Uploading capi2_certs-dl.man.FullName
Uploading commandprompt-dl.man.FullName
Uploading coreos-dl.man.FullName
Uploading credential-manager-dl.man.FullName
Uploading crypto_keys-dl.man.FullName
Uploading cryptoconfig-dl.man.FullName
Uploading dfsclient-dl.man.FullName
Uploading dfsmgmt-dl.man.FullName
Uploading dhcpclient-dl.man.FullName
Uploading directoryservices-adam-dl.man.FullName
Uploading directoryservices-domain-dl.man.FullName
Uploading directoryservices-ism-smtp-dl.man.FullName
Uploading dns-client-dl.man.FullName
Uploading dns-server-service-dl.man.FullName
Uploading dpapi_keys-dl.man.FullName
Uploading etw-core-dl.man.FullName
Uploading etwtracing.man.FullName
Uploading eventlog-dl.man.FullName
Uploading explorer-dl.man.FullName
Uploading feclient-dl.man.FullName
Uploading fonts-type1-dl.man.FullName
Uploading frs-core-dl.man.FullName
Uploading gpbase-dl.man.FullName
Uploading gpmc-dl.man.FullName
Uploading gpmgmt-dl.man.FullName
Uploading grouppolicy-admin-gpedit-dl.man.FullName
Uploading grouppolicy-admin-gpedit-snapin-dl.man.FullName
Uploading grouppolicy-cse-softwareinstallation-dl.man.FullName
Uploading grouppolicy-serveradmintools-gpmc-dl.man.FullName
Uploading ieframe-dl.man.FullName
Uploading ime-traditional-chinese-migration-dl.man.FullName
Uploading isns_service-dl.man.FullName
Uploading kerberos-key-distribution-center-dl.man.FullName
Uploading ldap-client-dl.man.FullName
Uploading microsoft-windows-bits-client-dl.man.FullName
Uploading microsoft-windows-certificateservices-ca-dl.man.FullName
Uploading microsoft-windows-certificateservices-camanagement-dl.man.FullName
Uploading microsoft-windows-certificateservices-mscep-dl.man.FullName
Uploading microsoft-windows-errorreportingcore-dl.man.FullName
Uploading microsoft-windows-errorreportingfaults-dl.man.FullName
Uploading microsoft-windows-fax-client-applications-dl.man.FullName
Uploading microsoft-windows-fax-client-proenterprise-dl.man.FullName
Uploading microsoft-windows-fax-common-dl.man.FullName
Uploading microsoft-windows-fax-server-dl.man.FullName
Uploading microsoft-windows-fax-service-dl.man.FullName
Uploading microsoft-windows-htmlhelp-dl.man.FullName
Uploading microsoft-windows-ie-esc-dl.man.FullName
Uploading microsoft-windows-ie-feeds-platform-dl.man.FullName
Uploading microsoft-windows-ie-internetexplorer-dl.man.FullName
Uploading microsoft-windows-iis-corewebengine-deployment-dl.man.FullName
Uploading microsoft-windows-netfx35-dl.man.FullName
Uploading microsoft-windows-netfx35cdfcomp-dl.man.FullName
Uploading microsoft-windows-netfxcorecomp-dl.man.FullName
Uploading microsoft-windows-storagemigration-dl.man.FullName
Uploading microsoft-windows-tapisetup-dl.man.FullName
Uploading microsoft-windows-terminalservices-clientactivexcore-dl.man.FullName
Uploading microsoft-windows-wab-dl.man.FullName
Uploading microsoft-windows-wcfcorecomp-dl.man.FullName
Uploading microsoft.windows.com.base-dl.man.FullName
Uploading microsoft.windows.com.complus.setup.dl.man.FullName
Uploading msmq-dcom-dl.man.FullName
Uploading msmq-domain-ic-dl.man.FullName
Uploading msmq-http-dl.man.FullName
Uploading msmq-messagingcoreservice-dl.man.FullName
Uploading msmq-multicast-dl.man.FullName
Uploading msmq-routing-dl.man.FullName
Uploading msmq-triggers-dl.man.FullName
Uploading mup-dl.man.FullName
Uploading netfx-wcf-http-activation-dl.man.FullName
Uploading netfx-wcf-msmqactivation-registration-dl.man.FullName
Uploading netfx-wcf-pipeactivation-registration-dl.man.FullName
Uploading netfx-wcf-tcpactivation-registration-dl.man.FullName
Uploading netfx-wcf-tcpportsharing-dl.man.FullName
Uploading netfx3-dl.man.FullName
Uploading netfx4-wcf-client-dl.man.FullName
Uploading netfx4-wcf-extended-dl.man.FullName
Uploading netfx4clientcorecomp-dl.man.FullName
Uploading netlogon-dl.man.FullName
Uploading ntfs-dl.man.FullName
Uploading ntoskrnl-dl.man.FullName
Uploading odbc32dll-dl.man.FullName
Uploading partmgr-dl.man.FullName
Uploading printing-spooler-core-dl.man.FullName
Uploading printing-spooler-networkclient-dl.man.FullName
Uploading rights-management-client-v1-api-dl.man.FullName
Uploading rights-management-services-server-dl.man.FullName
Uploading rpc-http-dl.man.FullName
Uploading rpc-http_proxy-dl.man.FullName
Uploading rpc-local-dl.man.FullName
Uploading rpc-remote-dl.man.FullName
Uploading schannel-dl.man.FullName
Uploading schedsvc-dl.man.FullName
Uploading security-digest-dl.man.FullName
Uploading security-kerberos-dl.man.FullName
Uploading security-ntlm-dl.man.FullName
Uploading security-ntlm-lmc.man.FullName
Uploading shutdown-event-tracker-dl.man.FullName
Uploading smartcardsubsystem-dl.man.FullName
Uploading smbserver-dl.man.FullName
Uploading smss-dl.man.FullName
Uploading smtpsvc-admin-dl.man.FullName
Uploading smtpsvc-service-dl.man.FullName
Uploading speechcommon-dl.man.FullName
Uploading tabletpc-tabbtn-dl.man.FullName
Uploading tabletpcinputpanel-dl.man.FullName
Uploading tabletpcjournal-dl.man.FullName
Uploading tabletpcplatforminput-core-dl.man.FullName
Uploading terminalservices-appserver-dl.man.FullName
Uploading terminalservices-appserver-licensing-dl.man.FullName
Uploading terminalservices-drivers-dl.man.FullName
Uploading terminalservices-licenseserver-dl.man.FullName
Uploading terminalservices-localsessionmanager-dl.man.FullName
Uploading terminalservices-rdp-winstationextensions-dl.man.FullName
Uploading terminalservices-remoteconnectionmanager-dl.man.FullName
Uploading terminalservices-sessiondirectory-client-dl.man.FullName
Uploading terminalservices-sessiondirectory-server-dl.man.FullName
Uploading terminalservices-terminalservicesclient-dl.man.FullName
Uploading textservicesframework-migration-dl.man.FullName
Uploading video-tvvideocontrol-dl.man.FullName
Uploading volsnap-dl.man.FullName
Uploading wcf-http-activation-dl.man.FullName
Uploading wcf-http-activation-postapply-dl.man.FullName
Uploading wcf-nonhttp-activation-dl.man.FullName
Uploading web-services-for-management-core-dl.man.FullName
Uploading webenroll-dl.man.FullName
Uploading win32k-settings-dl.man.FullName
Uploading windowssearchengine-dl.man.FullName
Uploading winlogon-dl.man.FullName
Uploading wmi-core-dl.man.FullName
Uploading workstationservice-dl.man.FullName
Uploading adwsmigrate.dll.FullName
Uploading bthmigplugin.dll.FullName
Uploading commig.dll.FullName
Uploading msdtcstp.dll.FullName
Uploading dhcpsrvmigplugin.dll.FullName
Uploading adammigrate.dll.FullName
Uploading iasmigplugin.dll.FullName
Uploading iasmigreader.exe.FullName
Uploading wininetplugin.dll.FullName
Uploading winsplgn.dll.FullName
Uploading mqmigplugin.dll.FullName
Uploading bridgemigplugin.dll.FullName
Uploading nlbmigplugin.dll.FullName
Uploading cmmigr.dll.FullName
Uploading rasmigplugin.dll.FullName
Uploading tapimigplugin.dll.FullName
Uploading tlsmigplugin.dll.FullName
Uploading chxmig.dll.FullName
Uploading imjpmig.dll.FullName
Uploading imkrmig.dll.FullName
Uploading msctfmig.dll.FullName
Uploading tabletextservicemig.dll.FullName
Uploading modemmigplugin.dll.FullName
Uploading wsupgrade.dll.FullName
Uploading wmimigrationplugin.dll.FullName
Uploading icfupgd.dll.FullName
Uploading de-de.FullName
Uploading actionqueueetw.dll.FullName
Uploading auditetw.dll.FullName
Uploading cmisetupetw.dll.FullName
Uploading etwproviderinstall.vbs.FullName
Uploading oobeldretw.dll.FullName
Uploading setupcletw.dll.FullName
Uploading setupetw.dll.FullName
Uploading setupugcetw.dll.FullName
Uploading sysprepetw.dll.FullName
Uploading windeployetw.dll.FullName
Uploading winsetupetw.dll.FullName
Uploading actionqueueetw.dll.mui.FullName
Uploading setup.cfg.FullName
Uploading wtr.FullName
Uploading adminpack_en-us.inf.FullName
Uploading adminpack_en-us_noloc.inf.FullName
Uploading adobe_flash.inf.FullName
Uploading appmanwtr.inf.FullName
Uploading browserchoice_win7.inf.FullName
Uploading browserchoice_win8.inf.FullName
Uploading compattelemetry.inf.FullName
Uploading dtumig.inf.FullName
Uploading ftp_7.0.inf.FullName
Uploading ftp_7.5_en-us_noloc.inf.FullName
Uploading ftp_7.5_loc.inf.FullName
Uploading gwxmig.inf.FullName
Uploading powershell_en-us_noloc.inf.FullName
Uploading powershell_loc.inf.FullName
Uploading standardcollector.inf.FullName
Uploading unpmig.inf.FullName
Uploading webdav_7.0.inf.FullName
Uploading webdav_7.5_en-us_noloc.inf.FullName
Uploading webdav_7.5_loc.inf.FullName
Uploading hwvid-migration-2.FullName
Uploading microsoft-activedirectory-webservices.FullName
Uploading microsoft-client-license-platform-service-migration.FullName
Uploading microsoft-edge-migration-plugin.FullName
Uploading microsoft-onecore-tiledatarepository.FullName
Uploading microsoft-windows-appmanagement-migration.FullName
Uploading microsoft-windows-appx-deployment-server.FullName
Uploading microsoft-windows-audio-mmecore-other.FullName
Uploading microsoft-windows-bth-user.FullName
Uploading microsoft-windows-com-complus-setup.FullName
Uploading microsoft-windows-deviceassociationframeworkmigration.FullName
Uploading microsoft-windows-directoryservices-adam-client.FullName
Uploading microsoft-windows-iis-rm.FullName
Uploading microsoft-windows-mapscontrol-migration.FullName
Uploading microsoft-windows-mup.FullName
Uploading microsoft-windows-network-setup.FullName
Uploading microsoft-windows-offlinefiles-core.FullName
Uploading microsoft-windows-pnpmigration.FullName
Uploading microsoft-windows-rasapi-mig.FullName
Uploading microsoft-windows-rasserver-migplugin.FullName
Uploading microsoft-windows-security-ngc-localaccountmigplugin.FullName
Uploading microsoft-windows-shmig.FullName
Uploading microsoft-windows-sxs.FullName
Uploading microsoft-windows-tcpip.FullName
Uploading microsoft-windows-terminalservices-appserver-licensing.FullName
Uploading microsoft-windows-terminalservices-licenseserver.FullName
Uploading microsoft-windows-textservicesframework-migration.FullName
Uploading microsoft-windows-virtualization-vmswitch.FullName
Uploading networkbridge.FullName
Uploading networking-mpssvc-svc.FullName
Uploading printing-localprinting-replacement.FullName
Uploading sppmig.FullName
Uploading windowssearchengine.FullName
Uploading wpc.FullName
Uploading activedirectory-webservices-replacement.man.FullName
Uploading adsi-router-replacement.man.FullName
Uploading application-experience-program-compatibility-assistant-replacement.man.FullName
Uploading appmanmigration-replacement.man.FullName
Uploading appxalluserstore-replacement.man.FullName
Uploading appxdeploymentserver-replacement.man.FullName
Uploading audiommecore-mm-other-migration-replacement.man.FullName
Uploading authui-migration-replacement.man.FullName
Uploading authui-migration-win8-replacement.man.FullName
Uploading bisrv-replacement.man.FullName
Uploading bthmig-replacement.man.FullName
Uploading capi2_certs-repl.man.FullName
Uploading certificateenrollment-replacement.man.FullName
Uploading cliplicensemigration-replacement.man.FullName
Uploading cloudapreplacement.man.FullName
Uploading cloudexperiencehostonecore-replacement.man.FullName
Uploading codeintegrity-repl.man.FullName
Uploading commandprompt-win7-replacement.man.FullName
Uploading commandprompt-win8-replacement.man.FullName
Uploading contentdeliverymanager.utilities-replacement.man.FullName
Uploading coreos-repl.man.FullName
Uploading credential-manager-replacement.man.FullName
Uploading crypto_keys-repl.man.FullName
Uploading dataintegrityscan-replacement.man.FullName
Uploading dcb-repl.man.FullName
Uploading desktopux-replacement.man.FullName
Uploading deviceassociationframework-replacement.man.FullName
Uploading devicedirectory-devicedirectoryclient-desktop-replacement.man.FullName
Uploading deviceregistration-replacement.man.FullName
Uploading dhcpclientdll-repl.man.FullName
Uploading dhcpserver-tools-replacement.man.FullName
Uploading dhcpservermigplugin-rep.man.FullName
Uploading dhcpservermigpluginwin8-replacement.man.FullName
Uploading directaccessservermanagement-repl.man.FullName
Uploading directoryservices-adam-client-replacement.man.FullName
Uploading directoryservices-adam-tools-replacement.man.FullName
Uploading directoryservices-administrativecenter-replacement.man.FullName
Uploading directoryservices-domaincontroller-servercoreupg-replacement.man.FullName
Uploading directoryservices-domaincontroller-tools-replacement.man.FullName
Uploading directoryservices-sm-plugin.registration-replacement.man.FullName
Uploading displayconfigsettings_win7update.man.FullName
Uploading dmrcwin7replacement.man.FullName
Uploading dns-client-mw-replacement.man.FullName
Uploading dns-client-replacement.man.FullName
Uploading dns-server-role-replacement.man.FullName
Uploading dns-server-tools-replacement.man.FullName
Uploading dpapi_keys-repl.man.FullName
Uploading dsreg-replacement.man.FullName
Uploading edgemigrationplugin.man.FullName
Uploading edpnotify-replacement.man.FullName
Uploading elam-replacement.man.FullName
Uploading etw-core-replacement.man.FullName
Uploading eudcedit-replacement.man.FullName
Uploading explorer-repl.man.FullName
Uploading extensibleauthenticationprotocolhostservice-rep.man.FullName
Uploading failovercluster-core-wow64-rm.man.FullName
Uploading feclient-replacement-th.man.FullName
Uploading fidocredprov_dll_repl.man.FullName
Uploading fileserver-replacement.man.FullName
Uploading font-truetype-fontsregistrysettingsmigration-replacement.man.FullName
Uploading fonts-type1-replacement.man.FullName
Uploading fundisc-replacement.man.FullName
Uploading fveapi-replacement.man.FullName
Uploading gpbase-replacement.man.FullName
Uploading gpiobuttons-replacement.man.FullName
Uploading hal-repl.man.FullName
Uploading helpandsupport-replacement.man.FullName
Uploading http-replacement.man.FullName
Uploading hwvid-migration-replacement-2.man.FullName
Uploading identityserver-migration-replacement.man.FullName
Uploading identityserver-proxymigration-replacement.man.FullName
Uploading identitystore-replacement.man.FullName
Uploading iis-adminservice-rm.man.FullName
Uploading iis-appwarmup-rm.man.FullName
Uploading iis-ftpsvc-rm.man.FullName
Uploading iis-managementconsole-rm.man.FullName
Uploading iis-sharedlibraries-rm.man.FullName
Uploading iis-w3logsvc-rm.man.FullName
Uploading iis-w3svc-rm.man.FullName
Uploading ime-eashared-migration-replacement.man.FullName
Uploading international-core-replacement.man.FullName
Uploading international-timezones-replacement.man.FullName
Uploading internet-naming-service-runtime-rep.man.FullName
Uploading internet-naming-tools-replacement.man.FullName
Uploading ipv4ipv6coexistencemigration-net-replacement.man.FullName
Uploading kernel-pnp-repl.man.FullName
Uploading kernel-server-replacement.man.FullName
Uploading kernel32-replacement.man.FullName
Uploading kernel32-server-replacement.man.FullName
Uploading keyboardfilter-replacement.man.FullName
Uploading legacy-sapi-repl.man.FullName
Uploading mdm_migration-replacement.man.FullName
Uploading media-settings-migration-replacement.man.FullName
Uploading mfmpeg2srcsnk-migration-replacement.man.FullName
Uploading mfplat-migration-replacement.man.FullName
Uploading mfsrcsnk-migration-replacement.man.FullName
Uploading microsoft-activedirectory-powershell-replacement.man.FullName
Uploading microsoft-certificateauthority-enrollment-serverupgrade-replacement.man.FullName
Uploading microsoft-certificateservices-ca-serverupgrade-replacement.man.FullName
Uploading microsoft-certificateservices-mscep-serverupgrade-replacement.man.FullName
Uploading microsoft-certificateservices-ocsp-serverupgrade-replacement.man.FullName
Uploading microsoft-certificateservices-policy-serverupgrade-replacement.man.FullName
Uploading microsoft-certificateservices-webenrollment-serverupgrade-replacement.man.FullName
Uploading microsoft-hyper-v-client-migration-replacement.man.FullName
Uploading microsoft-hyper-v-drivers-migration-replacement.man.FullName
Uploading microsoft-hyper-v-migration-replacement.man.FullName
Uploading microsoft-onecore-tiledatarepository-replacement.man.FullName
Uploading microsoft-windows-advertisingid-replacement.man.FullName
Uploading microsoft-windows-container-manager.man.FullName
Uploading microsoft-windows-credentialmanagementrole-replacement.man.FullName
Uploading microsoft-windows-credentialmanagementrole-tools-replacement.man.FullName
Uploading microsoft-windows-deployment-services-admin-pack-replacement.man.FullName
Uploading microsoft-windows-deviceaccess-replacement.man.FullName
Uploading microsoft-windows-enterprisemgmt-replacement.man.FullName
Uploading microsoft-windows-errorreportingcore-replacement.man.FullName
Uploading microsoft-windows-errorreportingfaults-replacement.man.FullName
Uploading microsoft-windows-failovercluster-adminpak-replacement.man.FullName
Uploading microsoft-windows-fax-service-replacement.man.FullName
Uploading microsoft-windows-feedback-service-replacement.man.FullName
Uploading microsoft-windows-flighting-settings.replacement.man.FullName
Uploading microsoft-windows-geolocation-replacement.man.FullName
Uploading microsoft-windows-identity-foundation-migration-replacement.man.FullName
Uploading microsoft-windows-ie-adminkitbranding-repl.man.FullName
Uploading microsoft-windows-ie-clientnetworkprotocolimplementation-repl.man.FullName
Uploading microsoft-windows-ie-internetexplorer-repl-2.man.FullName
Uploading microsoft-windows-ie-internetexplorer-repl.man.FullName
Uploading microsoft-windows-ie-pdm-replacement.man.FullName
Uploading microsoft-windows-netfx35cdfcomp-replacement.man.FullName
Uploading microsoft-windows-netfxcorecomp-repl.man.FullName
Uploading microsoft-windows-network-setup-replacement.man.FullName
Uploading microsoft-windows-networkbridge-replacement.man.FullName
Uploading microsoft-windows-offlinefiles-replacement.man.FullName
Uploading microsoft-windows-parentalcontrolssettings-replacement.man.FullName
Uploading microsoft-windows-powershell-replacement.man.FullName
Uploading microsoft-windows-powershell-ws08-replacement.man.FullName
Uploading microsoft-windows-powershellwebaccess-commands-powershell-migration-replacement.man.FullName
Uploading microsoft-windows-rmapi-replacement.man.FullName
Uploading microsoft-windows-securestartup-filterdriver-replacement.man.FullName
Uploading microsoft-windows-security-ngc-credprov-replacement.man.FullName
Uploading microsoft-windows-security-ngc-ctnrsvc-repl.man.FullName
Uploading microsoft-windows-servermanager-rsat-featuretools-replacement.man.FullName
Uploading microsoft-windows-servermanager-rsat-replacement.man.FullName
Uploading microsoft-windows-servermanager-rsat-roletools-replacement.man.FullName
Uploading microsoft-windows-servermanager-shell-replacement.man.FullName
Uploading microsoft-windows-services-targetedcontent-replacement.man.FullName
Uploading microsoft-windows-slb-mux-replacement.man.FullName
Uploading microsoft-windows-smb1-replacement.man.FullName
Uploading microsoft-windows-softwareinventorylogging-scheduledtasks-replacement.man.FullName
Uploading microsoft-windows-storagemigration-od-replacement.man.FullName
Uploading microsoft-windows-storagemigration-replacement.man.FullName
Uploading microsoft-windows-sxs-replacement.man.FullName
Uploading microsoft-windows-virtualization-vmswitch-migration-replacement.man.FullName
Uploading microsoft-windows-wcfcorecomp-replacement.man.FullName
Uploading microsoft-windows-workstationservice-replacement.man.FullName
Uploading microsoft.windows.com.complus.setup-replacement.man.FullName
Uploading microsoft.windows.com.dtc.setup-replacement.man.FullName
Uploading microsoftwindowsdefragcore-replacement.man.FullName
Uploading mmdeviceapi-migration-replacement.man.FullName
Uploading mmsys-migration-replacement.man.FullName
Uploading mpr-replacement.man.FullName
Uploading msmpeg2vdec-migration-replacement.man.FullName
Uploading muisettings-replacement.man.FullName
Uploading mup-replacement.man.FullName
Uploading ndis-repl.man.FullName
Uploading netfx-wcf-http-activation-replacement.man.FullName
Uploading netfx-wcf-msmqactivation-registration-replacement.man.FullName
Uploading netfx-wcf-pipeactivation-registration-replacement.man.FullName
Uploading netfx-wcf-tcpactivation-registration-replacement.man.FullName
Uploading netfx3-replacement.man.FullName
Uploading netfx4-policy-replacement.man.FullName
Uploading netfx4-replacement.man.FullName
Uploading netfx4-wcf-client-replacement.man.FullName
Uploading netfx4-wcf-extended-replacement.man.FullName
Uploading netfx4clientcorecomp-replacement.man.FullName
Uploading networking-mpssvc-svc.replacement.man.FullName
Uploading networkloadbalancingmanagementclient-replacement.man.FullName
Uploading networkloadbalancingmanagementheadlessserver-replacement.man.FullName
Uploading networkprofile-replacement.man.FullName
Uploading networksecurity.replacement.man.FullName
Uploading nfs-admincore-repl.man.FullName
Uploading nfs-clientcore-repl.man.FullName
Uploading nfs-servercore-repl.man.FullName
Uploading nfs-servercoreupg-clientcore-repl.man.FullName
Uploading nfs-servercoreupg-servercore-repl.man.FullName
Uploading ngclocalaccountmigplugin-replacement.man.FullName
Uploading ngcpopkeysrv_dll-repl.man.FullName
Uploading nlasvc-replace.man.FullName
Uploading notepad-repl.man.FullName
Uploading npas-role-replacement.man.FullName
Uploading npsui-replacement.man.FullName
Uploading odbc32dll-repl.man.FullName
Uploading onecore_speechcommon-rep.man.FullName
Uploading pcpksp_dll-repl.man.FullName
Uploading peerdist-client-migration-replacement.man.FullName
Uploading peerdist-server-migration-replacement.man.FullName
Uploading peerdist-upgrade-replacement.man.FullName
Uploading peertopeergrouping-replacement.man.FullName
Uploading performancecounterinfrastructurenonexecutable-replacement.man.FullName
Uploading personalizationcsp-repl.man.FullName
Uploading pnpmigration-replacement.man.FullName
Uploading posproviders-replacement.man.FullName
Uploading power-energyestimationengine-replacement.man.FullName
Uploading powercpl-replacement.man.FullName
Uploading powermanagement-powerpolicy-definitions-replacement-v1019h1.man.FullName
Uploading powermanagement-powerpolicy-definitions-replacement-v1119h1.man.FullName
Uploading powermanagement-powerpolicy-definitions-replacement-v12vb.man.FullName
Uploading powermanagement-powerpolicy-definitions-replacement-v4rs1.man.FullName
Uploading powermanagement-powerpolicy-definitions-replacement-v5rs1.man.FullName
Uploading powermanagement-powerpolicy-definitions-replacement-v6rs2.man.FullName
Uploading powermanagement-powerpolicy-definitions-replacement-v7rs2.man.FullName
Uploading powermanagement-powerpolicy-definitions-replacement-v8rs4.man.FullName
Uploading powermanagement-powerpolicy-definitions-replacement-v9rs5.man.FullName
Uploading powermanagement-powerpolicy-definitions-replacement-vista.man.FullName
Uploading powermanagement-powerpolicy-definitions-replacement-win10.man.FullName
Uploading powermanagement-powerpolicy-definitions-replacement-win7.man.FullName
Uploading powermanagement-powerpolicy-definitions-replacement-win8.man.FullName
Uploading powermanagement-powerpolicy-migration-replacement.man.FullName
Uploading ppipolicies-encryption-replacement.man.FullName
Uploading ppipolicies-general-replacement.man.FullName
Uploading ppipolicies-miracast-replacement.man.FullName
Uploading ppipolicies-power-replacement.man.FullName
Uploading printing-localprinting-replacement.man.FullName
Uploading printing-server-foundation-features-upgrade.man.FullName
Uploading printing-servercore-wow64-rm.man.FullName
Uploading printing-spooler-core-replacement.man.FullName
Uploading processmodel-cpt-rm.man.FullName
Uploading profsvcreplacement.man.FullName
Uploading propsys-replacement.man.FullName
Uploading quickactions-windows-replacement.man.FullName
Uploading rasapi-repl.man.FullName
Uploading rasbase-rassstp-repl.man.FullName
Uploading rasbase-repl.man.FullName
Uploading rasddm-repl.man.FullName
Uploading rasmanservice-repl.man.FullName
Uploading rasmanservice-replv2.man.FullName
Uploading rasmanservice-replv3.man.FullName
Uploading rasppp-repl.man.FullName
Uploading rasrqs-repl.man.FullName
Uploading rasserver-repl.man.FullName
Uploading rasserveradmintools-replacement.man.FullName
Uploading refs-replacement.man.FullName
Uploading refs-v1-replacement.man.FullName
Uploading retaildemo.deployment.replacement.man.FullName
Uploading rights-management-client-v1-api-replacement.man.FullName
Uploading rights-management-services-admin-tools-replacement.man.FullName
Uploading rights-management-services-management-tools-replacement.man.FullName
Uploading rights-management-services-role-replacement.man.FullName
Uploading schedsvc-replacement.man.FullName
Uploading security-spp-migration-replacement.man.FullName
Uploading securitycenter-core-replacement.man.FullName
Uploading servercore-wow64-rm.man.FullName
Uploading settingsync-repl.man.FullName
Uploading sharedpccsp-repl.man.FullName
Uploading sharemgmt-rsatclient-tools-replacement.man.FullName
Uploading shmig-replacement.man.FullName
Uploading signalmanager-replacement.man.FullName
Uploading signature-replacement.man.FullName
Uploading smartcardsubsystem-repl.man.FullName
Uploading snmp-gui-tools-replacement.man.FullName
Uploading sounds-migration-replacement.man.FullName
Uploading spectrum-replacement.man.FullName
Uploading srm-cbadriver-repl.man.FullName
Uploading srm-datascrndriver-repl.man.FullName
Uploading srm-infrastructure-repl.man.FullName
Uploading srm-management-repl.man.FullName
Uploading srm-quotadriver-repl.man.FullName
Uploading srm-service-repl.man.FullName
Uploading srm-service-reports-repl.man.FullName
Uploading srm-ui-repl.man.FullName
Uploading srumon-replacement.man.FullName
Uploading starttiledata-replacement.man.FullName
Uploading sysdm-replacement.man.FullName
Uploading sysmain-replacement.man.FullName
Uploading systemsettingsthreshold-replacement.man.FullName
Uploading tabletpcplatforminput-core-replacement.man.FullName
Uploading tcblaunch-replacement.man.FullName
Uploading tcpip-replacement.man.FullName
Uploading terminalservices-appserver-licensing-replacement.man.FullName
Uploading terminalservices-gateway-package-r-replacement.man.FullName
Uploading terminalservices-gateway-package-replacement.man.FullName
Uploading terminalservices-gateway-ui-package-r-replacement.man.FullName
Uploading terminalservices-gateway-ui-package-replacement.man.FullName
Uploading terminalservices-licenseserver-replacement.man.FullName
Uploading terminalservices-localsessionmanager-replacement.man.FullName
Uploading terminalservices-publishing-wmiprovider-replacement.man.FullName
Uploading terminalservices-rapweb-replacement.man.FullName
Uploading terminalservices-rapwebpart-replacement.man.FullName
Uploading terminalservices-rdp-winstationextensions-replacement.man.FullName
Uploading terminalservices-remoteconnectionmanager-replacement.man.FullName
Uploading terminalservices-role-package-r-replacement.man.FullName
Uploading terminalservices-role-package-replacement.man.FullName
Uploading terminalservices-sessiondirectory-client-replacement.man.FullName
Uploading terminalservices-sessiondirectory-server-replacement.man.FullName
Uploading terminalservices-tsv-vmhostagent-replacement.man.FullName
Uploading tetheringservice-repl.man.FullName
Uploading textservicesframework-migration-replacement.man.FullName
Uploading time-service-replacement.man.FullName
Uploading tpmdriverwmi-replacement.man.FullName
Uploading tpmvsc-repl.man.FullName
Uploading twinui-replacement.man.FullName
Uploading udfs-replacement.man.FullName
Uploading updateservices-common-replacement.man.FullName
Uploading updateservices-services-replacement.man.FullName
Uploading upnpdevicehost-replacement.man.FullName
Uploading upnpdevicehost-server-replacement.man.FullName
Uploading upnpssdp-replacement.man.FullName
Uploading upnpssdp-server-replacement.man.FullName
Uploading usbmigration-replacement.man.FullName
Uploading video-tvvideocontrol-replacement.man.FullName
Uploading virtualdiskservice-repl.man.FullName
Uploading volsnap-repl.man.FullName
Uploading vssservice-repl.man.FullName
Uploading wbiosrvc-replacement.man.FullName
Uploading wcf-http-activation-replacement.man.FullName
Uploading wcf-nonhttp-activation-replacement.man.FullName
Uploading web-services-for-management-core-replacement.man.FullName
Uploading webdavredir-clientonly-replacement.man.FullName
Uploading webdavredir-serveronly-replacement.man.FullName
Uploading wia-coreservices-replacement.man.FullName
Uploading wicamigrationav-rl.man.FullName
Uploading wid8-migration.man.FullName
Uploading win32k-settings-repl.man.FullName
Uploading windows-senseclient-service-rep.man.FullName
Uploading windows.cortana.desktop-repl.man.FullName
Uploading windows.holographic.displaythrottling-replacement.man.FullName
Uploading windows.media-migration-replacement.man.FullName
Uploading windows.sharedpc.accountmanager-repl.man.FullName
Uploading windows.ui.shell-repl.man.FullName
Uploading windowspushnotifications-platform-library-replacement.man.FullName
Uploading windowssearchengine-replacement.man.FullName
Uploading windowsstoreapi-replacement.man.FullName
Uploading windowsupdate-replacement.man.FullName
Uploading windowswebapphost-replacement.man.FullName
Uploading winlogon-replacement.man.FullName
Uploading winmde-migration-replacement.man.FullName
Uploading winnat-replacement.man.FullName
Uploading winsat-cmi-replacement.man.FullName
Uploading wlidsvc.vista-win7.man.FullName
Uploading wmdmigration-replacement.man.FullName
Uploading wmi-core-replacement.man.FullName
Uploading wmiacpi-replacement.man.FullName
Uploading wmpnsservice-migration-replacement.man.FullName
Uploading wmpplayer-migration-replacement.man.FullName
Uploading wsinfra-other-mw-replacement.man.FullName
Uploading wsinfra-upgrade-replacement.man.FullName
Uploading wwansvc-servercfg-repl.man.FullName
Uploading hwvidmigplugin.dll.FullName
Uploading adwsmigrate.dll.FullName
Uploading clipmigplugin.dll.FullName
Uploading edge.dat.FullName
Uploading edgemigrationplugin.dll.FullName
Uploading edgeupdate.dat.FullName
Uploading tilestoremigrationplugin.dll.FullName
Uploading appmanmigrationplugin.dll.FullName
Uploading appxprovisioning.xml.FullName
Uploading appxupgrademigrationplugin.dll.FullName
Uploading microsoft.windows.secondarytileexperience_10.0.0.0_neutral__cw5n1h2txyewy.xml.FullName
Uploading windows.miracastview_6.3.0.0_neutral_neutral_cw5n1h2txyewy.xml.FullName
Uploading audmigplugin.dll.FullName
Uploading bthmigplugin.dll.FullName
Uploading commig.dll.FullName
Uploading dafmigplugin.dll.FullName
Uploading adammigrate.dll.FullName
Uploading iismig.dll.FullName
Uploading mapsmigplugin.dll.FullName
Uploading mupmigplugin.dll.FullName
Uploading netsetupapi.dll.FullName
Uploading netsetupengine.dll.FullName
Uploading networkbindingenginemigplugin.dll.FullName
Uploading de-de.FullName
Uploading cscmig.dll.FullName
Uploading cscmig.dll.mui.FullName
Uploading pnpmig.dll.FullName
Uploading pnpmig.inf.FullName
Uploading pbkmigr.dll.FullName
Uploading rasmigplugin.dll.FullName
Uploading ngclocalaccountmigplugin.dll.FullName
Uploading de-de.FullName
Uploading shmig.dll.FullName
Uploading shmig.dll.mui.FullName
Uploading de-de.FullName
Uploading sxsmigplugin.dll.FullName
Uploading sxsmigplugin.dll.mui.FullName
Uploading netiomig.dll.FullName
Uploading tsmigplugin.dll.FullName
Uploading tlsrepplugin.dll.FullName
Uploading chxmig.dll.FullName
Uploading imjpmig.dll.FullName
Uploading imkrmig.dll.FullName
Uploading msctfmig.dll.FullName
Uploading tabletextservicemig.dll.FullName
Uploading vmswitchmigrationplugin.dll.FullName
Uploading bridgemigplugin.dll.FullName
Uploading icfupgd.dll.FullName
Uploading apmonportmig.dll.FullName
Uploading usbportmig.dll.FullName
Uploading sppmig.dll.FullName
Uploading wsearchmigplugin.dll.FullName
Uploading wpcmigration.downlevel.dll.FullName
Uploading wpcmigration.uplevel.dll.FullName
Uploading Microsoft-Windows-InternetExplorer-Optional-Package~31bf3856ad364e35~amd64~de-DE~.cab.FullName
Uploading Microsoft-Windows-NetFx3-OnDemand-Package~31bf3856ad364e35~amd64~de-DE~.cab.FullName
Uploading microsoft-windows-internetexplorer-optional-package~31bf3856ad364e35~amd64~~.cab.FullName
Uploading microsoft-windows-netfx3-ondemand-package~31bf3856ad364e35~amd64~~.cab.FullName
Uploading metadata.FullName
Uploading desktoptargetcompdb_neutral.xml.cab.FullName
Uploading webservices.dll.FullName
Uploading webservices.dll.FullName
Uploading logging.FullName
Uploading de-de.FullName
Uploading actionqueueetw.dll.FullName
Uploading auditetw.dll.FullName
Uploading cmisetupetw.dll.FullName
Uploading etwproviderinstall.vbs.FullName
Uploading microsoft-windows-actionqueue-instrumentation.man.FullName
Uploading microsoft-windows-audit-instrumentation.man.FullName
Uploading microsoft-windows-cmisetup-instrumentation.man.FullName
Uploading microsoft-windows-oobeldr-instrumentation.man.FullName
Uploading microsoft-windows-setup-events.man.FullName
Uploading microsoft-windows-setup-instrumentation.man.FullName
Uploading microsoft-windows-setupcl-instrumentation.man.FullName
Uploading microsoft-windows-setupugc-instrumentation.man.FullName
Uploading microsoft-windows-sysprep-instrumentation.man.FullName
Uploading microsoft-windows-windeploy-instrumentation.man.FullName
Uploading oobeldretw.dll.FullName
Uploading setupcletw.dll.FullName
Uploading setupetw.dll.FullName
Uploading setupugcetw.dll.FullName
Uploading sysprepetw.dll.FullName
Uploading windeployetw.dll.FullName
Uploading winsetupetw.dll.FullName
Uploading actionqueueetw.dll.mui.FullName
done
Removing traces...
done
